2019-04-08 14:39:07.742 logback [restartedMain] INFO  c.s.SimpleaccountApplication - Starting SimpleaccountApplication on DESKTOP-MQF4ADB with PID 10328 (C:\Users\LS\Desktop\bs\simpleaccount-h\target\classes started by LS in C:\Users\LS\Desktop\bs\simpleaccount-h)
2019-04-08 14:39:07.785 logback [restartedMain] INFO  c.s.SimpleaccountApplication - No active profile set, falling back to default profiles: default
2019-04-08 14:39:07.850 logback [restartedMain] INFO  o.s.b.d.e.DevToolsPropertyDefaultsPostProcessor - Devtools property defaults active! Set 'spring.devtools.add-properties' to 'false' to disable
2019-04-08 14:39:07.850 logback [restartedMain] INFO  o.s.b.d.e.DevToolsPropertyDefaultsPostProcessor - For additional web related logging consider setting the 'logging.level.web' property to 'DEBUG'
2019-04-08 14:39:09.805 logback [restartedMain] INFO  o.s.c.s.PostProcessorRegistrationDelegate$BeanPostProcessorChecker - Bean 'org.springframework.transaction.annotation.ProxyTransactionManagementConfiguration' of type [org.springframework.transaction.annotation.ProxyTransactionManagementConfiguration$$EnhancerBySpringCGLIB$$628c1846] is not eligible for getting processed by all BeanPostProcessors (for example: not eligible for auto-proxying)
2019-04-08 14:39:10.278 logback [restartedMain] INFO  o.s.b.w.e.tomcat.TomcatWebServer - Tomcat initialized with port(s): 8080 (http)
2019-04-08 14:39:10.295 logback [restartedMain] INFO  o.a.coyote.http11.Http11NioProtocol - Initializing ProtocolHandler ["http-nio-8080"]
2019-04-08 14:39:10.307 logback [restartedMain] INFO  o.a.catalina.core.StandardService - Starting service [Tomcat]
2019-04-08 14:39:10.307 logback [restartedMain] INFO  o.a.catalina.core.StandardEngine - Starting Servlet engine: [Apache Tomcat/9.0.16]
2019-04-08 14:39:10.314 logback [restartedMain] INFO  o.a.c.core.AprLifecycleListener - The APR based Apache Tomcat Native library which allows optimal performance in production environments was not found on the java.library.path: [C:\Program Files\Java\jdk1.8.0_151\bin;C:\WINDOWS\Sun\Java\bin;C:\WINDOWS\system32;C:\WINDOWS;C:\ProgramData\Oracle\Java\javapath;C:\Program Files (x86)\Common Files\NetSarang;C:\Program Files (x86)\Java\jdk1.8.0_121\bin;C:\Windows\System32;C:\WINDOWS;C:\WINDOWS\system32\wbem;C:\Program Files\Git\cmd;C:\Program Files (x86)\Java\jdk1.8.0_121\bin;C:\Program Files (x86)\Java\jdk1.8.0_121\jre\bin;C:\Program Files\MySQL\MySQL Server 5.7\bin;D:\Mysql\mysql-5.7.13-winx64\bin;C:\WINDOWS\system32;C:\WINDOWS\System32\Wbem;C:\WINDOWS\System32\WindowsPowerShell\v1.0\;C:\Program Files (x86)\OpenVPN\bin;D:\maven\apache-maven-3.5.0\\bin;;C:\WINDOWS\System32\OpenSSH\;C:\Program Files\TortoiseSVN\bin;C:\Program Files\nodejs\;C:\Program Files\dotnet\;C:\Program Files\Microsoft SQL Server\130\Tools\Binn\;C:\Program Files (x86)\NVIDIA Corporation\PhysX\Common;C:\Program Files\NVIDIA Corporation\NVIDIA NvDLISR;D:\phantomjs\bin;C:\Users\LS\AppData\Local\Programs\Python\Python36-32\Scripts;C:\Users\LS\AppData\Local\Programs\Python\Python36-32;C:\Users\LS\AppData\Local\Microsoft\WindowsApps;"D:\android-sdk-windows\tools; D:\android-sdk-windows\platform-tools;";C:\Users\LS\AppData\Roaming\npm;D:\Microsoft VS Code\bin;.]
2019-04-08 14:39:10.450 logback [restartedMain] INFO  o.a.c.c.C.[Tomcat].[localhost].[/] - Initializing Spring embedded WebApplicationContext
2019-04-08 14:39:10.450 logback [restartedMain] INFO  o.s.web.context.ContextLoader - Root WebApplicationContext: initialization completed in 2600 ms
2019-04-08 14:39:11.406 logback [restartedMain] INFO  o.s.s.c.ThreadPoolTaskExecutor - Initializing ExecutorService 'applicationTaskExecutor'
2019-04-08 14:39:11.552 logback [restartedMain] INFO  o.s.b.d.a.OptionalLiveReloadServer - LiveReload server is running on port 35729
2019-04-08 14:39:11.784 logback [restartedMain] INFO  s.d.s.w.p.DocumentationPluginsBootstrapper - Context refreshed
2019-04-08 14:39:11.804 logback [restartedMain] INFO  s.d.s.w.p.DocumentationPluginsBootstrapper - Found 1 custom documentation plugin(s)
2019-04-08 14:39:11.820 logback [restartedMain] INFO  s.d.s.w.s.ApiListingReferenceScanner - Scanning for api listing references
2019-04-08 14:39:12.087 logback [restartedMain] INFO  o.a.coyote.http11.Http11NioProtocol - Starting ProtocolHandler ["http-nio-8080"]
2019-04-08 14:39:12.115 logback [restartedMain] INFO  o.s.b.w.e.tomcat.TomcatWebServer - Tomcat started on port(s): 8080 (http) with context path ''
2019-04-08 14:39:12.119 logback [restartedMain] INFO  c.s.SimpleaccountApplication - Started SimpleaccountApplication in 5.277 seconds (JVM running for 8.1)
