2019-03-08 14:07:29.181 logback [restartedMain] INFO  c.s.SimpleaccountApplication - Starting SimpleaccountApplication on DESKTOP-MQF4ADB with PID 6540 (C:\Users\LS\Desktop\bs\target\classes started by LS in C:\Users\LS\Desktop\bs)
2019-03-08 14:07:29.239 logback [restartedMain] INFO  c.s.SimpleaccountApplication - No active profile set, falling back to default profiles: default
2019-03-08 14:07:29.363 logback [restartedMain] INFO  o.s.b.d.e.DevToolsPropertyDefaultsPostProcessor - Devtools property defaults active! Set 'spring.devtools.add-properties' to 'false' to disable
2019-03-08 14:07:29.363 logback [restartedMain] INFO  o.s.b.d.e.DevToolsPropertyDefaultsPostProcessor - For additional web related logging consider setting the 'logging.level.web' property to 'DEBUG'
2019-03-08 14:07:31.853 logback [restartedMain] INFO  o.s.b.w.e.tomcat.TomcatWebServer - Tomcat initialized with port(s): 8080 (http)
2019-03-08 14:07:31.876 logback [restartedMain] INFO  o.a.coyote.http11.Http11NioProtocol - Initializing ProtocolHandler ["http-nio-8080"]
2019-03-08 14:07:31.889 logback [restartedMain] INFO  o.a.catalina.core.StandardService - Starting service [Tomcat]
2019-03-08 14:07:31.889 logback [restartedMain] INFO  o.a.catalina.core.StandardEngine - Starting Servlet engine: [Apache Tomcat/9.0.16]
2019-03-08 14:07:31.898 logback [restartedMain] INFO  o.a.c.core.AprLifecycleListener - The APR based Apache Tomcat Native library which allows optimal performance in production environments was not found on the java.library.path: [C:\Program Files\Java\jdk1.8.0_151\bin;C:\WINDOWS\Sun\Java\bin;C:\WINDOWS\system32;C:\WINDOWS;C:\ProgramData\Oracle\Java\javapath;C:\Program Files (x86)\Common Files\NetSarang;C:\Program Files (x86)\Java\jdk1.8.0_121\bin;C:\Windows\System32;C:\WINDOWS;C:\WINDOWS\system32\wbem;C:\Program Files\Git\cmd;C:\Program Files (x86)\Java\jdk1.8.0_121\bin;C:\Program Files (x86)\Java\jdk1.8.0_121\jre\bin;C:\Program Files\MySQL\MySQL Server 5.7\bin;D:\Mysql\mysql-5.7.13-winx64\bin;C:\WINDOWS\system32;C:\WINDOWS\System32\Wbem;C:\WINDOWS\System32\WindowsPowerShell\v1.0\;C:\Program Files (x86)\OpenVPN\bin;D:\maven\apache-maven-3.5.0\\bin;;C:\WINDOWS\System32\OpenSSH\;C:\Program Files\TortoiseSVN\bin;C:\Program Files\nodejs\;C:\Program Files\dotnet\;C:\Program Files\Microsoft SQL Server\130\Tools\Binn\;C:\Program Files (x86)\NVIDIA Corporation\PhysX\Common;C:\Program Files\NVIDIA Corporation\NVIDIA NvDLISR;D:\phantomjs\bin;C:\Users\LS\AppData\Local\Programs\Python\Python36-32\Scripts;C:\Users\LS\AppData\Local\Programs\Python\Python36-32;C:\Users\LS\AppData\Local\Microsoft\WindowsApps;"D:\android-sdk-windows\tools; D:\android-sdk-windows\platform-tools;";C:\Users\LS\AppData\Roaming\npm;D:\Microsoft VS Code\bin;.]
2019-03-08 14:07:32.136 logback [restartedMain] INFO  o.a.c.c.C.[Tomcat].[localhost].[/] - Initializing Spring embedded WebApplicationContext
2019-03-08 14:07:32.136 logback [restartedMain] INFO  o.s.web.context.ContextLoader - Root WebApplicationContext: initialization completed in 2772 ms
2019-03-08 14:07:32.855 logback [restartedMain] INFO  o.s.s.c.ThreadPoolTaskExecutor - Initializing ExecutorService 'applicationTaskExecutor'
2019-03-08 14:07:33.062 logback [restartedMain] INFO  o.s.b.d.a.OptionalLiveReloadServer - LiveReload server is running on port 35729
2019-03-08 14:07:33.096 logback [restartedMain] INFO  o.a.coyote.http11.Http11NioProtocol - Starting ProtocolHandler ["http-nio-8080"]
2019-03-08 14:07:33.120 logback [restartedMain] INFO  o.s.b.w.e.tomcat.TomcatWebServer - Tomcat started on port(s): 8080 (http) with context path ''
2019-03-08 14:07:33.125 logback [restartedMain] INFO  c.s.SimpleaccountApplication - Started SimpleaccountApplication in 5.424 seconds (JVM running for 7.186)
2019-03-08 14:07:36.654 logback [http-nio-8080-exec-1] INFO  o.a.c.c.C.[Tomcat].[localhost].[/] - Initializing Spring DispatcherServlet 'dispatcherServlet'
2019-03-08 14:07:36.655 logback [http-nio-8080-exec-1] INFO  o.s.web.servlet.DispatcherServlet - Initializing Servlet 'dispatcherServlet'
2019-03-08 14:07:36.663 logback [http-nio-8080-exec-1] INFO  o.s.web.servlet.DispatcherServlet - Completed initialization in 7 ms
2019-03-08 14:07:36.702 logback [http-nio-8080-exec-1] INFO  com.zaxxer.hikari.HikariDataSource - HikariPool-1 - Starting...
2019-03-08 14:07:36.829 logback [http-nio-8080-exec-1] INFO  com.zaxxer.hikari.HikariDataSource - HikariPool-1 - Start completed.
2019-03-08 14:09:01.508 logback [restartedMain] INFO  c.s.SimpleaccountApplication - Starting SimpleaccountApplication on DESKTOP-MQF4ADB with PID 12592 (C:\Users\LS\Desktop\bs\target\classes started by LS in C:\Users\LS\Desktop\bs)
2019-03-08 14:09:01.512 logback [restartedMain] INFO  c.s.SimpleaccountApplication - No active profile set, falling back to default profiles: default
2019-03-08 14:09:01.597 logback [restartedMain] INFO  o.s.b.d.e.DevToolsPropertyDefaultsPostProcessor - Devtools property defaults active! Set 'spring.devtools.add-properties' to 'false' to disable
2019-03-08 14:09:01.598 logback [restartedMain] INFO  o.s.b.d.e.DevToolsPropertyDefaultsPostProcessor - For additional web related logging consider setting the 'logging.level.web' property to 'DEBUG'
2019-03-08 14:09:03.198 logback [restartedMain] INFO  o.s.b.w.e.tomcat.TomcatWebServer - Tomcat initialized with port(s): 8080 (http)
2019-03-08 14:09:03.212 logback [restartedMain] INFO  o.a.coyote.http11.Http11NioProtocol - Initializing ProtocolHandler ["http-nio-8080"]
2019-03-08 14:09:03.220 logback [restartedMain] INFO  o.a.catalina.core.StandardService - Starting service [Tomcat]
2019-03-08 14:09:03.221 logback [restartedMain] INFO  o.a.catalina.core.StandardEngine - Starting Servlet engine: [Apache Tomcat/9.0.16]
2019-03-08 14:09:03.227 logback [restartedMain] INFO  o.a.c.core.AprLifecycleListener - The APR based Apache Tomcat Native library which allows optimal performance in production environments was not found on the java.library.path: [C:\Program Files\Java\jdk1.8.0_151\bin;C:\WINDOWS\Sun\Java\bin;C:\WINDOWS\system32;C:\WINDOWS;C:\ProgramData\Oracle\Java\javapath;C:\Program Files (x86)\Common Files\NetSarang;C:\Program Files (x86)\Java\jdk1.8.0_121\bin;C:\Windows\System32;C:\WINDOWS;C:\WINDOWS\system32\wbem;C:\Program Files\Git\cmd;C:\Program Files (x86)\Java\jdk1.8.0_121\bin;C:\Program Files (x86)\Java\jdk1.8.0_121\jre\bin;C:\Program Files\MySQL\MySQL Server 5.7\bin;D:\Mysql\mysql-5.7.13-winx64\bin;C:\WINDOWS\system32;C:\WINDOWS\System32\Wbem;C:\WINDOWS\System32\WindowsPowerShell\v1.0\;C:\Program Files (x86)\OpenVPN\bin;D:\maven\apache-maven-3.5.0\\bin;;C:\WINDOWS\System32\OpenSSH\;C:\Program Files\TortoiseSVN\bin;C:\Program Files\nodejs\;C:\Program Files\dotnet\;C:\Program Files\Microsoft SQL Server\130\Tools\Binn\;C:\Program Files (x86)\NVIDIA Corporation\PhysX\Common;C:\Program Files\NVIDIA Corporation\NVIDIA NvDLISR;D:\phantomjs\bin;C:\Users\LS\AppData\Local\Programs\Python\Python36-32\Scripts;C:\Users\LS\AppData\Local\Programs\Python\Python36-32;C:\Users\LS\AppData\Local\Microsoft\WindowsApps;"D:\android-sdk-windows\tools; D:\android-sdk-windows\platform-tools;";C:\Users\LS\AppData\Roaming\npm;D:\Microsoft VS Code\bin;.]
2019-03-08 14:09:03.349 logback [restartedMain] INFO  o.a.c.c.C.[Tomcat].[localhost].[/] - Initializing Spring embedded WebApplicationContext
2019-03-08 14:09:03.349 logback [restartedMain] INFO  o.s.web.context.ContextLoader - Root WebApplicationContext: initialization completed in 1751 ms
2019-03-08 14:09:03.907 logback [restartedMain] INFO  o.s.s.c.ThreadPoolTaskExecutor - Initializing ExecutorService 'applicationTaskExecutor'
2019-03-08 14:09:04.126 logback [restartedMain] INFO  o.s.b.d.a.OptionalLiveReloadServer - LiveReload server is running on port 35729
2019-03-08 14:09:04.159 logback [restartedMain] INFO  o.a.coyote.http11.Http11NioProtocol - Starting ProtocolHandler ["http-nio-8080"]
2019-03-08 14:09:04.187 logback [restartedMain] INFO  o.s.b.w.e.tomcat.TomcatWebServer - Tomcat started on port(s): 8080 (http) with context path ''
2019-03-08 14:09:04.190 logback [restartedMain] INFO  c.s.SimpleaccountApplication - Started SimpleaccountApplication in 4.008 seconds (JVM running for 6.127)
2019-03-08 14:23:23.287 logback [restartedMain] INFO  c.s.SimpleaccountApplication - Starting SimpleaccountApplication on DESKTOP-MQF4ADB with PID 13004 (C:\Users\LS\Desktop\bs\target\classes started by LS in C:\Users\LS\Desktop\bs)
2019-03-08 14:23:23.291 logback [restartedMain] INFO  c.s.SimpleaccountApplication - No active profile set, falling back to default profiles: default
2019-03-08 14:23:23.370 logback [restartedMain] INFO  o.s.b.d.e.DevToolsPropertyDefaultsPostProcessor - Devtools property defaults active! Set 'spring.devtools.add-properties' to 'false' to disable
2019-03-08 14:23:23.370 logback [restartedMain] INFO  o.s.b.d.e.DevToolsPropertyDefaultsPostProcessor - For additional web related logging consider setting the 'logging.level.web' property to 'DEBUG'
2019-03-08 14:23:24.927 logback [restartedMain] INFO  o.s.b.w.e.tomcat.TomcatWebServer - Tomcat initialized with port(s): 8080 (http)
2019-03-08 14:23:24.944 logback [restartedMain] INFO  o.a.coyote.http11.Http11NioProtocol - Initializing ProtocolHandler ["http-nio-8080"]
2019-03-08 14:23:24.953 logback [restartedMain] INFO  o.a.catalina.core.StandardService - Starting service [Tomcat]
2019-03-08 14:23:24.953 logback [restartedMain] INFO  o.a.catalina.core.StandardEngine - Starting Servlet engine: [Apache Tomcat/9.0.16]
2019-03-08 14:23:24.960 logback [restartedMain] INFO  o.a.c.core.AprLifecycleListener - The APR based Apache Tomcat Native library which allows optimal performance in production environments was not found on the java.library.path: [C:\Program Files\Java\jdk1.8.0_151\bin;C:\WINDOWS\Sun\Java\bin;C:\WINDOWS\system32;C:\WINDOWS;C:\ProgramData\Oracle\Java\javapath;C:\Program Files (x86)\Common Files\NetSarang;C:\Program Files (x86)\Java\jdk1.8.0_121\bin;C:\Windows\System32;C:\WINDOWS;C:\WINDOWS\system32\wbem;C:\Program Files\Git\cmd;C:\Program Files (x86)\Java\jdk1.8.0_121\bin;C:\Program Files (x86)\Java\jdk1.8.0_121\jre\bin;C:\Program Files\MySQL\MySQL Server 5.7\bin;D:\Mysql\mysql-5.7.13-winx64\bin;C:\WINDOWS\system32;C:\WINDOWS\System32\Wbem;C:\WINDOWS\System32\WindowsPowerShell\v1.0\;C:\Program Files (x86)\OpenVPN\bin;D:\maven\apache-maven-3.5.0\\bin;;C:\WINDOWS\System32\OpenSSH\;C:\Program Files\TortoiseSVN\bin;C:\Program Files\nodejs\;C:\Program Files\dotnet\;C:\Program Files\Microsoft SQL Server\130\Tools\Binn\;C:\Program Files (x86)\NVIDIA Corporation\PhysX\Common;C:\Program Files\NVIDIA Corporation\NVIDIA NvDLISR;D:\phantomjs\bin;C:\Users\LS\AppData\Local\Programs\Python\Python36-32\Scripts;C:\Users\LS\AppData\Local\Programs\Python\Python36-32;C:\Users\LS\AppData\Local\Microsoft\WindowsApps;"D:\android-sdk-windows\tools; D:\android-sdk-windows\platform-tools;";C:\Users\LS\AppData\Roaming\npm;D:\Microsoft VS Code\bin;.]
2019-03-08 14:23:25.072 logback [restartedMain] INFO  o.a.c.c.C.[Tomcat].[localhost].[/] - Initializing Spring embedded WebApplicationContext
2019-03-08 14:23:25.072 logback [restartedMain] INFO  o.s.web.context.ContextLoader - Root WebApplicationContext: initialization completed in 1701 ms
2019-03-08 14:23:25.631 logback [restartedMain] INFO  o.s.s.c.ThreadPoolTaskExecutor - Initializing ExecutorService 'applicationTaskExecutor'
2019-03-08 14:23:25.845 logback [restartedMain] INFO  o.s.b.d.a.OptionalLiveReloadServer - LiveReload server is running on port 35729
2019-03-08 14:23:25.871 logback [restartedMain] INFO  o.a.coyote.http11.Http11NioProtocol - Starting ProtocolHandler ["http-nio-8080"]
2019-03-08 14:23:25.896 logback [restartedMain] INFO  o.s.b.w.e.tomcat.TomcatWebServer - Tomcat started on port(s): 8080 (http) with context path ''
2019-03-08 14:23:25.899 logback [restartedMain] INFO  c.s.SimpleaccountApplication - Started SimpleaccountApplication in 3.594 seconds (JVM running for 5.625)
2019-03-08 14:23:32.815 logback [http-nio-8080-exec-1] INFO  o.a.c.c.C.[Tomcat].[localhost].[/] - Initializing Spring DispatcherServlet 'dispatcherServlet'
2019-03-08 14:23:32.815 logback [http-nio-8080-exec-1] INFO  o.s.web.servlet.DispatcherServlet - Initializing Servlet 'dispatcherServlet'
2019-03-08 14:23:32.822 logback [http-nio-8080-exec-1] INFO  o.s.web.servlet.DispatcherServlet - Completed initialization in 7 ms
2019-03-08 14:23:32.874 logback [http-nio-8080-exec-1] INFO  com.zaxxer.hikari.HikariDataSource - HikariPool-1 - Starting...
2019-03-08 14:23:33.040 logback [http-nio-8080-exec-1] INFO  com.zaxxer.hikari.HikariDataSource - HikariPool-1 - Start completed.
2019-03-08 14:24:45.422 logback [restartedMain] INFO  c.s.SimpleaccountApplication - Starting SimpleaccountApplication on DESKTOP-MQF4ADB with PID 2952 (C:\Users\LS\Desktop\bs\target\classes started by LS in C:\Users\LS\Desktop\bs)
2019-03-08 14:24:45.428 logback [restartedMain] INFO  c.s.SimpleaccountApplication - No active profile set, falling back to default profiles: default
2019-03-08 14:24:45.570 logback [restartedMain] INFO  o.s.b.d.e.DevToolsPropertyDefaultsPostProcessor - Devtools property defaults active! Set 'spring.devtools.add-properties' to 'false' to disable
2019-03-08 14:24:45.570 logback [restartedMain] INFO  o.s.b.d.e.DevToolsPropertyDefaultsPostProcessor - For additional web related logging consider setting the 'logging.level.web' property to 'DEBUG'
2019-03-08 14:24:47.512 logback [restartedMain] INFO  o.s.b.w.e.tomcat.TomcatWebServer - Tomcat initialized with port(s): 8080 (http)
2019-03-08 14:24:47.533 logback [restartedMain] INFO  o.a.coyote.http11.Http11NioProtocol - Initializing ProtocolHandler ["http-nio-8080"]
2019-03-08 14:24:47.553 logback [restartedMain] INFO  o.a.catalina.core.StandardService - Starting service [Tomcat]
2019-03-08 14:24:47.553 logback [restartedMain] INFO  o.a.catalina.core.StandardEngine - Starting Servlet engine: [Apache Tomcat/9.0.16]
2019-03-08 14:24:47.564 logback [restartedMain] INFO  o.a.c.core.AprLifecycleListener - The APR based Apache Tomcat Native library which allows optimal performance in production environments was not found on the java.library.path: [C:\Program Files\Java\jdk1.8.0_151\bin;C:\WINDOWS\Sun\Java\bin;C:\WINDOWS\system32;C:\WINDOWS;C:\ProgramData\Oracle\Java\javapath;C:\Program Files (x86)\Common Files\NetSarang;C:\Program Files (x86)\Java\jdk1.8.0_121\bin;C:\Windows\System32;C:\WINDOWS;C:\WINDOWS\system32\wbem;C:\Program Files\Git\cmd;C:\Program Files (x86)\Java\jdk1.8.0_121\bin;C:\Program Files (x86)\Java\jdk1.8.0_121\jre\bin;C:\Program Files\MySQL\MySQL Server 5.7\bin;D:\Mysql\mysql-5.7.13-winx64\bin;C:\WINDOWS\system32;C:\WINDOWS\System32\Wbem;C:\WINDOWS\System32\WindowsPowerShell\v1.0\;C:\Program Files (x86)\OpenVPN\bin;D:\maven\apache-maven-3.5.0\\bin;;C:\WINDOWS\System32\OpenSSH\;C:\Program Files\TortoiseSVN\bin;C:\Program Files\nodejs\;C:\Program Files\dotnet\;C:\Program Files\Microsoft SQL Server\130\Tools\Binn\;C:\Program Files (x86)\NVIDIA Corporation\PhysX\Common;C:\Program Files\NVIDIA Corporation\NVIDIA NvDLISR;D:\phantomjs\bin;C:\Users\LS\AppData\Local\Programs\Python\Python36-32\Scripts;C:\Users\LS\AppData\Local\Programs\Python\Python36-32;C:\Users\LS\AppData\Local\Microsoft\WindowsApps;"D:\android-sdk-windows\tools; D:\android-sdk-windows\platform-tools;";C:\Users\LS\AppData\Roaming\npm;D:\Microsoft VS Code\bin;.]
2019-03-08 14:24:47.832 logback [restartedMain] INFO  o.a.c.c.C.[Tomcat].[localhost].[/] - Initializing Spring embedded WebApplicationContext
2019-03-08 14:24:47.833 logback [restartedMain] INFO  o.s.web.context.ContextLoader - Root WebApplicationContext: initialization completed in 2262 ms
2019-03-08 14:24:48.603 logback [restartedMain] INFO  o.s.s.c.ThreadPoolTaskExecutor - Initializing ExecutorService 'applicationTaskExecutor'
2019-03-08 14:24:48.806 logback [restartedMain] INFO  o.s.b.d.a.OptionalLiveReloadServer - LiveReload server is running on port 35729
2019-03-08 14:24:48.838 logback [restartedMain] INFO  o.a.coyote.http11.Http11NioProtocol - Starting ProtocolHandler ["http-nio-8080"]
2019-03-08 14:24:48.864 logback [restartedMain] INFO  o.s.b.w.e.tomcat.TomcatWebServer - Tomcat started on port(s): 8080 (http) with context path ''
2019-03-08 14:24:48.869 logback [restartedMain] INFO  c.s.SimpleaccountApplication - Started SimpleaccountApplication in 4.377 seconds (JVM running for 6.149)
2019-03-08 14:24:52.150 logback [http-nio-8080-exec-2] INFO  o.a.c.c.C.[Tomcat].[localhost].[/] - Initializing Spring DispatcherServlet 'dispatcherServlet'
2019-03-08 14:24:52.150 logback [http-nio-8080-exec-2] INFO  o.s.web.servlet.DispatcherServlet - Initializing Servlet 'dispatcherServlet'
2019-03-08 14:24:52.157 logback [http-nio-8080-exec-2] INFO  o.s.web.servlet.DispatcherServlet - Completed initialization in 7 ms
2019-03-08 14:24:52.203 logback [http-nio-8080-exec-2] INFO  com.zaxxer.hikari.HikariDataSource - HikariPool-1 - Starting...
2019-03-08 14:24:52.326 logback [http-nio-8080-exec-2] INFO  com.zaxxer.hikari.HikariDataSource - HikariPool-1 - Start completed.
2019-03-08 14:26:16.751 logback [restartedMain] INFO  c.s.SimpleaccountApplication - Starting SimpleaccountApplication on DESKTOP-MQF4ADB with PID 2840 (C:\Users\LS\Desktop\bs\target\classes started by LS in C:\Users\LS\Desktop\bs)
2019-03-08 14:26:16.756 logback [restartedMain] INFO  c.s.SimpleaccountApplication - No active profile set, falling back to default profiles: default
2019-03-08 14:26:16.892 logback [restartedMain] INFO  o.s.b.d.e.DevToolsPropertyDefaultsPostProcessor - Devtools property defaults active! Set 'spring.devtools.add-properties' to 'false' to disable
2019-03-08 14:26:16.892 logback [restartedMain] INFO  o.s.b.d.e.DevToolsPropertyDefaultsPostProcessor - For additional web related logging consider setting the 'logging.level.web' property to 'DEBUG'
2019-03-08 14:26:18.926 logback [restartedMain] INFO  o.s.b.w.e.tomcat.TomcatWebServer - Tomcat initialized with port(s): 8080 (http)
2019-03-08 14:26:18.950 logback [restartedMain] INFO  o.a.coyote.http11.Http11NioProtocol - Initializing ProtocolHandler ["http-nio-8080"]
2019-03-08 14:26:18.966 logback [restartedMain] INFO  o.a.catalina.core.StandardService - Starting service [Tomcat]
2019-03-08 14:26:18.966 logback [restartedMain] INFO  o.a.catalina.core.StandardEngine - Starting Servlet engine: [Apache Tomcat/9.0.16]
2019-03-08 14:26:18.980 logback [restartedMain] INFO  o.a.c.core.AprLifecycleListener - The APR based Apache Tomcat Native library which allows optimal performance in production environments was not found on the java.library.path: [C:\Program Files\Java\jdk1.8.0_151\bin;C:\WINDOWS\Sun\Java\bin;C:\WINDOWS\system32;C:\WINDOWS;C:\ProgramData\Oracle\Java\javapath;C:\Program Files (x86)\Common Files\NetSarang;C:\Program Files (x86)\Java\jdk1.8.0_121\bin;C:\Windows\System32;C:\WINDOWS;C:\WINDOWS\system32\wbem;C:\Program Files\Git\cmd;C:\Program Files (x86)\Java\jdk1.8.0_121\bin;C:\Program Files (x86)\Java\jdk1.8.0_121\jre\bin;C:\Program Files\MySQL\MySQL Server 5.7\bin;D:\Mysql\mysql-5.7.13-winx64\bin;C:\WINDOWS\system32;C:\WINDOWS\System32\Wbem;C:\WINDOWS\System32\WindowsPowerShell\v1.0\;C:\Program Files (x86)\OpenVPN\bin;D:\maven\apache-maven-3.5.0\\bin;;C:\WINDOWS\System32\OpenSSH\;C:\Program Files\TortoiseSVN\bin;C:\Program Files\nodejs\;C:\Program Files\dotnet\;C:\Program Files\Microsoft SQL Server\130\Tools\Binn\;C:\Program Files (x86)\NVIDIA Corporation\PhysX\Common;C:\Program Files\NVIDIA Corporation\NVIDIA NvDLISR;D:\phantomjs\bin;C:\Users\LS\AppData\Local\Programs\Python\Python36-32\Scripts;C:\Users\LS\AppData\Local\Programs\Python\Python36-32;C:\Users\LS\AppData\Local\Microsoft\WindowsApps;"D:\android-sdk-windows\tools; D:\android-sdk-windows\platform-tools;";C:\Users\LS\AppData\Roaming\npm;D:\Microsoft VS Code\bin;.]
2019-03-08 14:26:19.210 logback [restartedMain] INFO  o.a.c.c.C.[Tomcat].[localhost].[/] - Initializing Spring embedded WebApplicationContext
2019-03-08 14:26:19.210 logback [restartedMain] INFO  o.s.web.context.ContextLoader - Root WebApplicationContext: initialization completed in 2318 ms
2019-03-08 14:26:19.969 logback [restartedMain] INFO  o.s.s.c.ThreadPoolTaskExecutor - Initializing ExecutorService 'applicationTaskExecutor'
2019-03-08 14:26:20.173 logback [restartedMain] INFO  o.s.b.d.a.OptionalLiveReloadServer - LiveReload server is running on port 35729
2019-03-08 14:26:20.205 logback [restartedMain] INFO  o.a.coyote.http11.Http11NioProtocol - Starting ProtocolHandler ["http-nio-8080"]
2019-03-08 14:26:20.230 logback [restartedMain] INFO  o.s.b.w.e.tomcat.TomcatWebServer - Tomcat started on port(s): 8080 (http) with context path ''
2019-03-08 14:26:20.234 logback [restartedMain] INFO  c.s.SimpleaccountApplication - Started SimpleaccountApplication in 4.397 seconds (JVM running for 6.246)
2019-03-08 14:26:38.598 logback [http-nio-8080-exec-2] INFO  o.a.c.c.C.[Tomcat].[localhost].[/] - Initializing Spring DispatcherServlet 'dispatcherServlet'
2019-03-08 14:26:38.599 logback [http-nio-8080-exec-2] INFO  o.s.web.servlet.DispatcherServlet - Initializing Servlet 'dispatcherServlet'
2019-03-08 14:26:38.609 logback [http-nio-8080-exec-2] INFO  o.s.web.servlet.DispatcherServlet - Completed initialization in 10 ms
2019-03-08 14:26:38.675 logback [http-nio-8080-exec-2] INFO  com.zaxxer.hikari.HikariDataSource - HikariPool-1 - Starting...
2019-03-08 14:26:38.820 logback [http-nio-8080-exec-2] INFO  com.zaxxer.hikari.HikariDataSource - HikariPool-1 - Start completed.
2019-03-08 14:33:31.510 logback [restartedMain] INFO  c.s.SimpleaccountApplication - Starting SimpleaccountApplication on DESKTOP-MQF4ADB with PID 12460 (C:\Users\LS\Desktop\bs\target\classes started by LS in C:\Users\LS\Desktop\bs)
2019-03-08 14:33:31.515 logback [restartedMain] INFO  c.s.SimpleaccountApplication - No active profile set, falling back to default profiles: default
2019-03-08 14:33:31.602 logback [restartedMain] INFO  o.s.b.d.e.DevToolsPropertyDefaultsPostProcessor - Devtools property defaults active! Set 'spring.devtools.add-properties' to 'false' to disable
2019-03-08 14:33:31.602 logback [restartedMain] INFO  o.s.b.d.e.DevToolsPropertyDefaultsPostProcessor - For additional web related logging consider setting the 'logging.level.web' property to 'DEBUG'
2019-03-08 14:33:33.888 logback [restartedMain] INFO  o.s.b.w.e.tomcat.TomcatWebServer - Tomcat initialized with port(s): 8080 (http)
2019-03-08 14:33:33.908 logback [restartedMain] INFO  o.a.coyote.http11.Http11NioProtocol - Initializing ProtocolHandler ["http-nio-8080"]
2019-03-08 14:33:33.917 logback [restartedMain] INFO  o.a.catalina.core.StandardService - Starting service [Tomcat]
2019-03-08 14:33:33.918 logback [restartedMain] INFO  o.a.catalina.core.StandardEngine - Starting Servlet engine: [Apache Tomcat/9.0.16]
2019-03-08 14:33:33.925 logback [restartedMain] INFO  o.a.c.core.AprLifecycleListener - The APR based Apache Tomcat Native library which allows optimal performance in production environments was not found on the java.library.path: [C:\Program Files\Java\jdk1.8.0_151\bin;C:\WINDOWS\Sun\Java\bin;C:\WINDOWS\system32;C:\WINDOWS;C:\ProgramData\Oracle\Java\javapath;C:\Program Files (x86)\Common Files\NetSarang;C:\Program Files (x86)\Java\jdk1.8.0_121\bin;C:\Windows\System32;C:\WINDOWS;C:\WINDOWS\system32\wbem;C:\Program Files\Git\cmd;C:\Program Files (x86)\Java\jdk1.8.0_121\bin;C:\Program Files (x86)\Java\jdk1.8.0_121\jre\bin;C:\Program Files\MySQL\MySQL Server 5.7\bin;D:\Mysql\mysql-5.7.13-winx64\bin;C:\WINDOWS\system32;C:\WINDOWS\System32\Wbem;C:\WINDOWS\System32\WindowsPowerShell\v1.0\;C:\Program Files (x86)\OpenVPN\bin;D:\maven\apache-maven-3.5.0\\bin;;C:\WINDOWS\System32\OpenSSH\;C:\Program Files\TortoiseSVN\bin;C:\Program Files\nodejs\;C:\Program Files\dotnet\;C:\Program Files\Microsoft SQL Server\130\Tools\Binn\;C:\Program Files (x86)\NVIDIA Corporation\PhysX\Common;C:\Program Files\NVIDIA Corporation\NVIDIA NvDLISR;D:\phantomjs\bin;C:\Users\LS\AppData\Local\Programs\Python\Python36-32\Scripts;C:\Users\LS\AppData\Local\Programs\Python\Python36-32;C:\Users\LS\AppData\Local\Microsoft\WindowsApps;"D:\android-sdk-windows\tools; D:\android-sdk-windows\platform-tools;";C:\Users\LS\AppData\Roaming\npm;D:\Microsoft VS Code\bin;.]
2019-03-08 14:33:34.049 logback [restartedMain] INFO  o.a.c.c.C.[Tomcat].[localhost].[/] - Initializing Spring embedded WebApplicationContext
2019-03-08 14:33:34.049 logback [restartedMain] INFO  o.s.web.context.ContextLoader - Root WebApplicationContext: initialization completed in 2447 ms
2019-03-08 14:33:34.622 logback [restartedMain] INFO  o.s.s.c.ThreadPoolTaskExecutor - Initializing ExecutorService 'applicationTaskExecutor'
2019-03-08 14:33:34.846 logback [restartedMain] INFO  o.s.b.d.a.OptionalLiveReloadServer - LiveReload server is running on port 35729
2019-03-08 14:33:34.876 logback [restartedMain] INFO  o.a.coyote.http11.Http11NioProtocol - Starting ProtocolHandler ["http-nio-8080"]
2019-03-08 14:33:34.905 logback [restartedMain] INFO  o.s.b.w.e.tomcat.TomcatWebServer - Tomcat started on port(s): 8080 (http) with context path ''
2019-03-08 14:33:34.909 logback [restartedMain] INFO  c.s.SimpleaccountApplication - Started SimpleaccountApplication in 4.272 seconds (JVM running for 6.089)
2019-03-08 14:33:52.219 logback [http-nio-8080-exec-1] INFO  o.a.c.c.C.[Tomcat].[localhost].[/] - Initializing Spring DispatcherServlet 'dispatcherServlet'
2019-03-08 14:33:52.220 logback [http-nio-8080-exec-1] INFO  o.s.web.servlet.DispatcherServlet - Initializing Servlet 'dispatcherServlet'
2019-03-08 14:33:52.228 logback [http-nio-8080-exec-1] INFO  o.s.web.servlet.DispatcherServlet - Completed initialization in 8 ms
2019-03-08 14:36:36.261 logback [restartedMain] INFO  c.s.SimpleaccountApplication - Starting SimpleaccountApplication on DESKTOP-MQF4ADB with PID 10732 (C:\Users\LS\Desktop\bs\target\classes started by LS in C:\Users\LS\Desktop\bs)
2019-03-08 14:36:36.266 logback [restartedMain] INFO  c.s.SimpleaccountApplication - No active profile set, falling back to default profiles: default
2019-03-08 14:36:36.353 logback [restartedMain] INFO  o.s.b.d.e.DevToolsPropertyDefaultsPostProcessor - Devtools property defaults active! Set 'spring.devtools.add-properties' to 'false' to disable
2019-03-08 14:36:36.353 logback [restartedMain] INFO  o.s.b.d.e.DevToolsPropertyDefaultsPostProcessor - For additional web related logging consider setting the 'logging.level.web' property to 'DEBUG'
2019-03-08 14:36:39.005 logback [restartedMain] INFO  o.s.b.w.e.tomcat.TomcatWebServer - Tomcat initialized with port(s): 8080 (http)
2019-03-08 14:36:39.022 logback [restartedMain] INFO  o.a.coyote.http11.Http11NioProtocol - Initializing ProtocolHandler ["http-nio-8080"]
2019-03-08 14:36:39.031 logback [restartedMain] INFO  o.a.catalina.core.StandardService - Starting service [Tomcat]
2019-03-08 14:36:39.031 logback [restartedMain] INFO  o.a.catalina.core.StandardEngine - Starting Servlet engine: [Apache Tomcat/9.0.16]
2019-03-08 14:36:39.038 logback [restartedMain] INFO  o.a.c.core.AprLifecycleListener - The APR based Apache Tomcat Native library which allows optimal performance in production environments was not found on the java.library.path: [C:\Program Files\Java\jdk1.8.0_151\bin;C:\WINDOWS\Sun\Java\bin;C:\WINDOWS\system32;C:\WINDOWS;C:\ProgramData\Oracle\Java\javapath;C:\Program Files (x86)\Common Files\NetSarang;C:\Program Files (x86)\Java\jdk1.8.0_121\bin;C:\Windows\System32;C:\WINDOWS;C:\WINDOWS\system32\wbem;C:\Program Files\Git\cmd;C:\Program Files (x86)\Java\jdk1.8.0_121\bin;C:\Program Files (x86)\Java\jdk1.8.0_121\jre\bin;C:\Program Files\MySQL\MySQL Server 5.7\bin;D:\Mysql\mysql-5.7.13-winx64\bin;C:\WINDOWS\system32;C:\WINDOWS\System32\Wbem;C:\WINDOWS\System32\WindowsPowerShell\v1.0\;C:\Program Files (x86)\OpenVPN\bin;D:\maven\apache-maven-3.5.0\\bin;;C:\WINDOWS\System32\OpenSSH\;C:\Program Files\TortoiseSVN\bin;C:\Program Files\nodejs\;C:\Program Files\dotnet\;C:\Program Files\Microsoft SQL Server\130\Tools\Binn\;C:\Program Files (x86)\NVIDIA Corporation\PhysX\Common;C:\Program Files\NVIDIA Corporation\NVIDIA NvDLISR;D:\phantomjs\bin;C:\Users\LS\AppData\Local\Programs\Python\Python36-32\Scripts;C:\Users\LS\AppData\Local\Programs\Python\Python36-32;C:\Users\LS\AppData\Local\Microsoft\WindowsApps;"D:\android-sdk-windows\tools; D:\android-sdk-windows\platform-tools;";C:\Users\LS\AppData\Roaming\npm;D:\Microsoft VS Code\bin;.]
2019-03-08 14:36:39.151 logback [restartedMain] INFO  o.a.c.c.C.[Tomcat].[localhost].[/] - Initializing Spring embedded WebApplicationContext
2019-03-08 14:36:39.151 logback [restartedMain] INFO  o.s.web.context.ContextLoader - Root WebApplicationContext: initialization completed in 2797 ms
2019-03-08 14:36:39.665 logback [restartedMain] INFO  o.s.s.c.ThreadPoolTaskExecutor - Initializing ExecutorService 'applicationTaskExecutor'
2019-03-08 14:36:39.869 logback [restartedMain] INFO  o.s.b.d.a.OptionalLiveReloadServer - LiveReload server is running on port 35729
2019-03-08 14:36:39.899 logback [restartedMain] INFO  o.a.coyote.http11.Http11NioProtocol - Starting ProtocolHandler ["http-nio-8080"]
2019-03-08 14:36:39.929 logback [restartedMain] INFO  o.s.b.w.e.tomcat.TomcatWebServer - Tomcat started on port(s): 8080 (http) with context path ''
2019-03-08 14:36:39.933 logback [restartedMain] INFO  c.s.SimpleaccountApplication - Started SimpleaccountApplication in 5.045 seconds (JVM running for 7.485)
2019-03-08 14:36:44.661 logback [http-nio-8080-exec-3] INFO  o.a.c.c.C.[Tomcat].[localhost].[/] - Initializing Spring DispatcherServlet 'dispatcherServlet'
2019-03-08 14:36:44.661 logback [http-nio-8080-exec-3] INFO  o.s.web.servlet.DispatcherServlet - Initializing Servlet 'dispatcherServlet'
2019-03-08 14:36:44.669 logback [http-nio-8080-exec-3] INFO  o.s.web.servlet.DispatcherServlet - Completed initialization in 8 ms
2019-03-08 14:37:33.978 logback [restartedMain] INFO  c.s.SimpleaccountApplication - Starting SimpleaccountApplication on DESKTOP-MQF4ADB with PID 4792 (C:\Users\LS\Desktop\bs\target\classes started by LS in C:\Users\LS\Desktop\bs)
2019-03-08 14:37:33.982 logback [restartedMain] INFO  c.s.SimpleaccountApplication - No active profile set, falling back to default profiles: default
2019-03-08 14:37:34.066 logback [restartedMain] INFO  o.s.b.d.e.DevToolsPropertyDefaultsPostProcessor - Devtools property defaults active! Set 'spring.devtools.add-properties' to 'false' to disable
2019-03-08 14:37:34.066 logback [restartedMain] INFO  o.s.b.d.e.DevToolsPropertyDefaultsPostProcessor - For additional web related logging consider setting the 'logging.level.web' property to 'DEBUG'
2019-03-08 14:37:36.283 logback [restartedMain] INFO  o.s.b.w.e.tomcat.TomcatWebServer - Tomcat initialized with port(s): 8080 (http)
2019-03-08 14:37:36.299 logback [restartedMain] INFO  o.a.coyote.http11.Http11NioProtocol - Initializing ProtocolHandler ["http-nio-8080"]
2019-03-08 14:37:36.308 logback [restartedMain] INFO  o.a.catalina.core.StandardService - Starting service [Tomcat]
2019-03-08 14:37:36.309 logback [restartedMain] INFO  o.a.catalina.core.StandardEngine - Starting Servlet engine: [Apache Tomcat/9.0.16]
2019-03-08 14:37:36.315 logback [restartedMain] INFO  o.a.c.core.AprLifecycleListener - The APR based Apache Tomcat Native library which allows optimal performance in production environments was not found on the java.library.path: [C:\Program Files\Java\jdk1.8.0_151\bin;C:\WINDOWS\Sun\Java\bin;C:\WINDOWS\system32;C:\WINDOWS;C:\ProgramData\Oracle\Java\javapath;C:\Program Files (x86)\Common Files\NetSarang;C:\Program Files (x86)\Java\jdk1.8.0_121\bin;C:\Windows\System32;C:\WINDOWS;C:\WINDOWS\system32\wbem;C:\Program Files\Git\cmd;C:\Program Files (x86)\Java\jdk1.8.0_121\bin;C:\Program Files (x86)\Java\jdk1.8.0_121\jre\bin;C:\Program Files\MySQL\MySQL Server 5.7\bin;D:\Mysql\mysql-5.7.13-winx64\bin;C:\WINDOWS\system32;C:\WINDOWS\System32\Wbem;C:\WINDOWS\System32\WindowsPowerShell\v1.0\;C:\Program Files (x86)\OpenVPN\bin;D:\maven\apache-maven-3.5.0\\bin;;C:\WINDOWS\System32\OpenSSH\;C:\Program Files\TortoiseSVN\bin;C:\Program Files\nodejs\;C:\Program Files\dotnet\;C:\Program Files\Microsoft SQL Server\130\Tools\Binn\;C:\Program Files (x86)\NVIDIA Corporation\PhysX\Common;C:\Program Files\NVIDIA Corporation\NVIDIA NvDLISR;D:\phantomjs\bin;C:\Users\LS\AppData\Local\Programs\Python\Python36-32\Scripts;C:\Users\LS\AppData\Local\Programs\Python\Python36-32;C:\Users\LS\AppData\Local\Microsoft\WindowsApps;"D:\android-sdk-windows\tools; D:\android-sdk-windows\platform-tools;";C:\Users\LS\AppData\Roaming\npm;D:\Microsoft VS Code\bin;.]
2019-03-08 14:37:36.436 logback [restartedMain] INFO  o.a.c.c.C.[Tomcat].[localhost].[/] - Initializing Spring embedded WebApplicationContext
2019-03-08 14:37:36.436 logback [restartedMain] INFO  o.s.web.context.ContextLoader - Root WebApplicationContext: initialization completed in 2369 ms
2019-03-08 14:37:37.018 logback [restartedMain] INFO  o.s.s.c.ThreadPoolTaskExecutor - Initializing ExecutorService 'applicationTaskExecutor'
2019-03-08 14:37:37.308 logback [restartedMain] INFO  o.s.b.d.a.OptionalLiveReloadServer - LiveReload server is running on port 35729
2019-03-08 14:37:37.339 logback [restartedMain] INFO  o.a.coyote.http11.Http11NioProtocol - Starting ProtocolHandler ["http-nio-8080"]
2019-03-08 14:37:37.366 logback [restartedMain] INFO  o.s.b.w.e.tomcat.TomcatWebServer - Tomcat started on port(s): 8080 (http) with context path ''
2019-03-08 14:37:37.371 logback [restartedMain] INFO  c.s.SimpleaccountApplication - Started SimpleaccountApplication in 4.078 seconds (JVM running for 5.944)
2019-03-08 14:37:38.851 logback [http-nio-8080-exec-1] INFO  o.a.c.c.C.[Tomcat].[localhost].[/] - Initializing Spring DispatcherServlet 'dispatcherServlet'
2019-03-08 14:37:38.851 logback [http-nio-8080-exec-1] INFO  o.s.web.servlet.DispatcherServlet - Initializing Servlet 'dispatcherServlet'
2019-03-08 14:37:38.858 logback [http-nio-8080-exec-1] INFO  o.s.web.servlet.DispatcherServlet - Completed initialization in 7 ms
2019-03-08 14:39:52.577 logback [restartedMain] INFO  c.s.SimpleaccountApplication - Starting SimpleaccountApplication on DESKTOP-MQF4ADB with PID 2260 (C:\Users\LS\Desktop\bs\target\classes started by LS in C:\Users\LS\Desktop\bs)
2019-03-08 14:39:52.612 logback [restartedMain] INFO  c.s.SimpleaccountApplication - No active profile set, falling back to default profiles: default
2019-03-08 14:39:52.760 logback [restartedMain] INFO  o.s.b.d.e.DevToolsPropertyDefaultsPostProcessor - Devtools property defaults active! Set 'spring.devtools.add-properties' to 'false' to disable
2019-03-08 14:39:52.760 logback [restartedMain] INFO  o.s.b.d.e.DevToolsPropertyDefaultsPostProcessor - For additional web related logging consider setting the 'logging.level.web' property to 'DEBUG'
2019-03-08 14:39:56.336 logback [restartedMain] INFO  o.s.b.w.e.tomcat.TomcatWebServer - Tomcat initialized with port(s): 8080 (http)
2019-03-08 14:39:56.359 logback [restartedMain] INFO  o.a.coyote.http11.Http11NioProtocol - Initializing ProtocolHandler ["http-nio-8080"]
2019-03-08 14:39:56.374 logback [restartedMain] INFO  o.a.catalina.core.StandardService - Starting service [Tomcat]
2019-03-08 14:39:56.374 logback [restartedMain] INFO  o.a.catalina.core.StandardEngine - Starting Servlet engine: [Apache Tomcat/9.0.16]
2019-03-08 14:39:56.384 logback [restartedMain] INFO  o.a.c.core.AprLifecycleListener - The APR based Apache Tomcat Native library which allows optimal performance in production environments was not found on the java.library.path: [C:\Program Files\Java\jdk1.8.0_151\bin;C:\WINDOWS\Sun\Java\bin;C:\WINDOWS\system32;C:\WINDOWS;C:\ProgramData\Oracle\Java\javapath;C:\Program Files (x86)\Common Files\NetSarang;C:\Program Files (x86)\Java\jdk1.8.0_121\bin;C:\Windows\System32;C:\WINDOWS;C:\WINDOWS\system32\wbem;C:\Program Files\Git\cmd;C:\Program Files (x86)\Java\jdk1.8.0_121\bin;C:\Program Files (x86)\Java\jdk1.8.0_121\jre\bin;C:\Program Files\MySQL\MySQL Server 5.7\bin;D:\Mysql\mysql-5.7.13-winx64\bin;C:\WINDOWS\system32;C:\WINDOWS\System32\Wbem;C:\WINDOWS\System32\WindowsPowerShell\v1.0\;C:\Program Files (x86)\OpenVPN\bin;D:\maven\apache-maven-3.5.0\\bin;;C:\WINDOWS\System32\OpenSSH\;C:\Program Files\TortoiseSVN\bin;C:\Program Files\nodejs\;C:\Program Files\dotnet\;C:\Program Files\Microsoft SQL Server\130\Tools\Binn\;C:\Program Files (x86)\NVIDIA Corporation\PhysX\Common;C:\Program Files\NVIDIA Corporation\NVIDIA NvDLISR;D:\phantomjs\bin;C:\Users\LS\AppData\Local\Programs\Python\Python36-32\Scripts;C:\Users\LS\AppData\Local\Programs\Python\Python36-32;C:\Users\LS\AppData\Local\Microsoft\WindowsApps;"D:\android-sdk-windows\tools; D:\android-sdk-windows\platform-tools;";C:\Users\LS\AppData\Roaming\npm;D:\Microsoft VS Code\bin;.]
2019-03-08 14:39:56.543 logback [restartedMain] INFO  o.a.c.c.C.[Tomcat].[localhost].[/] - Initializing Spring embedded WebApplicationContext
2019-03-08 14:39:56.544 logback [restartedMain] INFO  o.s.web.context.ContextLoader - Root WebApplicationContext: initialization completed in 3783 ms
2019-03-08 14:39:57.400 logback [restartedMain] INFO  o.s.s.c.ThreadPoolTaskExecutor - Initializing ExecutorService 'applicationTaskExecutor'
2019-03-08 14:39:57.734 logback [restartedMain] INFO  o.s.b.d.a.OptionalLiveReloadServer - LiveReload server is running on port 35729
2019-03-08 14:39:57.775 logback [restartedMain] INFO  o.a.coyote.http11.Http11NioProtocol - Starting ProtocolHandler ["http-nio-8080"]
2019-03-08 14:39:57.820 logback [restartedMain] INFO  o.s.b.w.e.tomcat.TomcatWebServer - Tomcat started on port(s): 8080 (http) with context path ''
2019-03-08 14:39:57.826 logback [restartedMain] INFO  c.s.SimpleaccountApplication - Started SimpleaccountApplication in 6.559 seconds (JVM running for 8.508)
2019-03-08 14:39:58.018 logback [http-nio-8080-exec-1] INFO  o.a.c.c.C.[Tomcat].[localhost].[/] - Initializing Spring DispatcherServlet 'dispatcherServlet'
2019-03-08 14:39:58.018 logback [http-nio-8080-exec-1] INFO  o.s.web.servlet.DispatcherServlet - Initializing Servlet 'dispatcherServlet'
2019-03-08 14:39:58.028 logback [http-nio-8080-exec-1] INFO  o.s.web.servlet.DispatcherServlet - Completed initialization in 10 ms
2019-03-08 14:43:19.748 logback [restartedMain] INFO  c.s.SimpleaccountApplication - Starting SimpleaccountApplication on DESKTOP-MQF4ADB with PID 788 (C:\Users\LS\Desktop\bs\target\classes started by LS in C:\Users\LS\Desktop\bs)
2019-03-08 14:43:19.803 logback [restartedMain] INFO  c.s.SimpleaccountApplication - No active profile set, falling back to default profiles: default
2019-03-08 14:43:19.892 logback [restartedMain] INFO  o.s.b.d.e.DevToolsPropertyDefaultsPostProcessor - Devtools property defaults active! Set 'spring.devtools.add-properties' to 'false' to disable
2019-03-08 14:43:19.892 logback [restartedMain] INFO  o.s.b.d.e.DevToolsPropertyDefaultsPostProcessor - For additional web related logging consider setting the 'logging.level.web' property to 'DEBUG'
2019-03-08 14:43:22.080 logback [restartedMain] INFO  o.s.b.w.e.tomcat.TomcatWebServer - Tomcat initialized with port(s): 8080 (http)
2019-03-08 14:43:22.100 logback [restartedMain] INFO  o.a.coyote.http11.Http11NioProtocol - Initializing ProtocolHandler ["http-nio-8080"]
2019-03-08 14:43:22.110 logback [restartedMain] INFO  o.a.catalina.core.StandardService - Starting service [Tomcat]
2019-03-08 14:43:22.110 logback [restartedMain] INFO  o.a.catalina.core.StandardEngine - Starting Servlet engine: [Apache Tomcat/9.0.16]
2019-03-08 14:43:22.117 logback [restartedMain] INFO  o.a.c.core.AprLifecycleListener - The APR based Apache Tomcat Native library which allows optimal performance in production environments was not found on the java.library.path: [C:\Program Files\Java\jdk1.8.0_151\bin;C:\WINDOWS\Sun\Java\bin;C:\WINDOWS\system32;C:\WINDOWS;C:\ProgramData\Oracle\Java\javapath;C:\Program Files (x86)\Common Files\NetSarang;C:\Program Files (x86)\Java\jdk1.8.0_121\bin;C:\Windows\System32;C:\WINDOWS;C:\WINDOWS\system32\wbem;C:\Program Files\Git\cmd;C:\Program Files (x86)\Java\jdk1.8.0_121\bin;C:\Program Files (x86)\Java\jdk1.8.0_121\jre\bin;C:\Program Files\MySQL\MySQL Server 5.7\bin;D:\Mysql\mysql-5.7.13-winx64\bin;C:\WINDOWS\system32;C:\WINDOWS\System32\Wbem;C:\WINDOWS\System32\WindowsPowerShell\v1.0\;C:\Program Files (x86)\OpenVPN\bin;D:\maven\apache-maven-3.5.0\\bin;;C:\WINDOWS\System32\OpenSSH\;C:\Program Files\TortoiseSVN\bin;C:\Program Files\nodejs\;C:\Program Files\dotnet\;C:\Program Files\Microsoft SQL Server\130\Tools\Binn\;C:\Program Files (x86)\NVIDIA Corporation\PhysX\Common;C:\Program Files\NVIDIA Corporation\NVIDIA NvDLISR;D:\phantomjs\bin;C:\Users\LS\AppData\Local\Programs\Python\Python36-32\Scripts;C:\Users\LS\AppData\Local\Programs\Python\Python36-32;C:\Users\LS\AppData\Local\Microsoft\WindowsApps;"D:\android-sdk-windows\tools; D:\android-sdk-windows\platform-tools;";C:\Users\LS\AppData\Roaming\npm;D:\Microsoft VS Code\bin;.]
2019-03-08 14:43:22.253 logback [restartedMain] INFO  o.a.c.c.C.[Tomcat].[localhost].[/] - Initializing Spring embedded WebApplicationContext
2019-03-08 14:43:22.254 logback [restartedMain] INFO  o.s.web.context.ContextLoader - Root WebApplicationContext: initialization completed in 2361 ms
2019-03-08 14:43:23.009 logback [restartedMain] INFO  o.s.s.c.ThreadPoolTaskExecutor - Initializing ExecutorService 'applicationTaskExecutor'
2019-03-08 14:43:23.253 logback [restartedMain] INFO  o.s.b.d.a.OptionalLiveReloadServer - LiveReload server is running on port 35729
2019-03-08 14:43:23.290 logback [restartedMain] INFO  o.a.coyote.http11.Http11NioProtocol - Starting ProtocolHandler ["http-nio-8080"]
2019-03-08 14:43:23.324 logback [restartedMain] INFO  o.s.b.w.e.tomcat.TomcatWebServer - Tomcat started on port(s): 8080 (http) with context path ''
2019-03-08 14:43:23.327 logback [restartedMain] INFO  c.s.SimpleaccountApplication - Started SimpleaccountApplication in 4.412 seconds (JVM running for 6.09)
2019-03-08 14:43:28.032 logback [http-nio-8080-exec-2] INFO  o.a.c.c.C.[Tomcat].[localhost].[/] - Initializing Spring DispatcherServlet 'dispatcherServlet'
2019-03-08 14:43:28.032 logback [http-nio-8080-exec-2] INFO  o.s.web.servlet.DispatcherServlet - Initializing Servlet 'dispatcherServlet'
2019-03-08 14:43:28.039 logback [http-nio-8080-exec-2] INFO  o.s.web.servlet.DispatcherServlet - Completed initialization in 7 ms
2019-03-08 14:44:19.602 logback [restartedMain] INFO  c.s.SimpleaccountApplication - Starting SimpleaccountApplication on DESKTOP-MQF4ADB with PID 7888 (C:\Users\LS\Desktop\bs\target\classes started by LS in C:\Users\LS\Desktop\bs)
2019-03-08 14:44:19.615 logback [restartedMain] INFO  c.s.SimpleaccountApplication - No active profile set, falling back to default profiles: default
2019-03-08 14:44:19.765 logback [restartedMain] INFO  o.s.b.d.e.DevToolsPropertyDefaultsPostProcessor - Devtools property defaults active! Set 'spring.devtools.add-properties' to 'false' to disable
2019-03-08 14:44:19.766 logback [restartedMain] INFO  o.s.b.d.e.DevToolsPropertyDefaultsPostProcessor - For additional web related logging consider setting the 'logging.level.web' property to 'DEBUG'
2019-03-08 14:44:22.728 logback [restartedMain] INFO  o.s.b.w.e.tomcat.TomcatWebServer - Tomcat initialized with port(s): 8080 (http)
2019-03-08 14:44:22.756 logback [restartedMain] INFO  o.a.coyote.http11.Http11NioProtocol - Initializing ProtocolHandler ["http-nio-8080"]
2019-03-08 14:44:22.774 logback [restartedMain] INFO  o.a.catalina.core.StandardService - Starting service [Tomcat]
2019-03-08 14:44:22.775 logback [restartedMain] INFO  o.a.catalina.core.StandardEngine - Starting Servlet engine: [Apache Tomcat/9.0.16]
2019-03-08 14:44:22.786 logback [restartedMain] INFO  o.a.c.core.AprLifecycleListener - The APR based Apache Tomcat Native library which allows optimal performance in production environments was not found on the java.library.path: [C:\Program Files\Java\jdk1.8.0_151\bin;C:\WINDOWS\Sun\Java\bin;C:\WINDOWS\system32;C:\WINDOWS;C:\ProgramData\Oracle\Java\javapath;C:\Program Files (x86)\Common Files\NetSarang;C:\Program Files (x86)\Java\jdk1.8.0_121\bin;C:\Windows\System32;C:\WINDOWS;C:\WINDOWS\system32\wbem;C:\Program Files\Git\cmd;C:\Program Files (x86)\Java\jdk1.8.0_121\bin;C:\Program Files (x86)\Java\jdk1.8.0_121\jre\bin;C:\Program Files\MySQL\MySQL Server 5.7\bin;D:\Mysql\mysql-5.7.13-winx64\bin;C:\WINDOWS\system32;C:\WINDOWS\System32\Wbem;C:\WINDOWS\System32\WindowsPowerShell\v1.0\;C:\Program Files (x86)\OpenVPN\bin;D:\maven\apache-maven-3.5.0\\bin;;C:\WINDOWS\System32\OpenSSH\;C:\Program Files\TortoiseSVN\bin;C:\Program Files\nodejs\;C:\Program Files\dotnet\;C:\Program Files\Microsoft SQL Server\130\Tools\Binn\;C:\Program Files (x86)\NVIDIA Corporation\PhysX\Common;C:\Program Files\NVIDIA Corporation\NVIDIA NvDLISR;D:\phantomjs\bin;C:\Users\LS\AppData\Local\Programs\Python\Python36-32\Scripts;C:\Users\LS\AppData\Local\Programs\Python\Python36-32;C:\Users\LS\AppData\Local\Microsoft\WindowsApps;"D:\android-sdk-windows\tools; D:\android-sdk-windows\platform-tools;";C:\Users\LS\AppData\Roaming\npm;D:\Microsoft VS Code\bin;.]
2019-03-08 14:44:23.019 logback [restartedMain] INFO  o.a.c.c.C.[Tomcat].[localhost].[/] - Initializing Spring embedded WebApplicationContext
2019-03-08 14:44:23.019 logback [restartedMain] INFO  o.s.web.context.ContextLoader - Root WebApplicationContext: initialization completed in 3253 ms
2019-03-08 14:44:23.722 logback [restartedMain] INFO  o.s.s.c.ThreadPoolTaskExecutor - Initializing ExecutorService 'applicationTaskExecutor'
2019-03-08 14:44:23.952 logback [restartedMain] INFO  o.s.b.d.a.OptionalLiveReloadServer - LiveReload server is running on port 35729
2019-03-08 14:44:23.980 logback [restartedMain] INFO  o.a.coyote.http11.Http11NioProtocol - Starting ProtocolHandler ["http-nio-8080"]
2019-03-08 14:44:24.009 logback [restartedMain] INFO  o.s.b.w.e.tomcat.TomcatWebServer - Tomcat started on port(s): 8080 (http) with context path ''
2019-03-08 14:44:24.012 logback [restartedMain] INFO  c.s.SimpleaccountApplication - Started SimpleaccountApplication in 5.623 seconds (JVM running for 7.328)
2019-03-08 14:44:25.551 logback [http-nio-8080-exec-1] INFO  o.a.c.c.C.[Tomcat].[localhost].[/] - Initializing Spring DispatcherServlet 'dispatcherServlet'
2019-03-08 14:44:25.552 logback [http-nio-8080-exec-1] INFO  o.s.web.servlet.DispatcherServlet - Initializing Servlet 'dispatcherServlet'
2019-03-08 14:44:25.559 logback [http-nio-8080-exec-1] INFO  o.s.web.servlet.DispatcherServlet - Completed initialization in 7 ms
2019-03-08 14:45:27.312 logback [restartedMain] INFO  c.s.SimpleaccountApplication - Starting SimpleaccountApplication on DESKTOP-MQF4ADB with PID 9636 (C:\Users\LS\Desktop\bs\target\classes started by LS in C:\Users\LS\Desktop\bs)
2019-03-08 14:45:27.318 logback [restartedMain] INFO  c.s.SimpleaccountApplication - No active profile set, falling back to default profiles: default
2019-03-08 14:45:27.410 logback [restartedMain] INFO  o.s.b.d.e.DevToolsPropertyDefaultsPostProcessor - Devtools property defaults active! Set 'spring.devtools.add-properties' to 'false' to disable
2019-03-08 14:45:27.410 logback [restartedMain] INFO  o.s.b.d.e.DevToolsPropertyDefaultsPostProcessor - For additional web related logging consider setting the 'logging.level.web' property to 'DEBUG'
2019-03-08 14:45:29.796 logback [restartedMain] INFO  o.s.b.w.e.tomcat.TomcatWebServer - Tomcat initialized with port(s): 8080 (http)
2019-03-08 14:45:29.821 logback [restartedMain] INFO  o.a.coyote.http11.Http11NioProtocol - Initializing ProtocolHandler ["http-nio-8080"]
2019-03-08 14:45:29.833 logback [restartedMain] INFO  o.a.catalina.core.StandardService - Starting service [Tomcat]
2019-03-08 14:45:29.834 logback [restartedMain] INFO  o.a.catalina.core.StandardEngine - Starting Servlet engine: [Apache Tomcat/9.0.16]
2019-03-08 14:45:29.841 logback [restartedMain] INFO  o.a.c.core.AprLifecycleListener - The APR based Apache Tomcat Native library which allows optimal performance in production environments was not found on the java.library.path: [C:\Program Files\Java\jdk1.8.0_151\bin;C:\WINDOWS\Sun\Java\bin;C:\WINDOWS\system32;C:\WINDOWS;C:\ProgramData\Oracle\Java\javapath;C:\Program Files (x86)\Common Files\NetSarang;C:\Program Files (x86)\Java\jdk1.8.0_121\bin;C:\Windows\System32;C:\WINDOWS;C:\WINDOWS\system32\wbem;C:\Program Files\Git\cmd;C:\Program Files (x86)\Java\jdk1.8.0_121\bin;C:\Program Files (x86)\Java\jdk1.8.0_121\jre\bin;C:\Program Files\MySQL\MySQL Server 5.7\bin;D:\Mysql\mysql-5.7.13-winx64\bin;C:\WINDOWS\system32;C:\WINDOWS\System32\Wbem;C:\WINDOWS\System32\WindowsPowerShell\v1.0\;C:\Program Files (x86)\OpenVPN\bin;D:\maven\apache-maven-3.5.0\\bin;;C:\WINDOWS\System32\OpenSSH\;C:\Program Files\TortoiseSVN\bin;C:\Program Files\nodejs\;C:\Program Files\dotnet\;C:\Program Files\Microsoft SQL Server\130\Tools\Binn\;C:\Program Files (x86)\NVIDIA Corporation\PhysX\Common;C:\Program Files\NVIDIA Corporation\NVIDIA NvDLISR;D:\phantomjs\bin;C:\Users\LS\AppData\Local\Programs\Python\Python36-32\Scripts;C:\Users\LS\AppData\Local\Programs\Python\Python36-32;C:\Users\LS\AppData\Local\Microsoft\WindowsApps;"D:\android-sdk-windows\tools; D:\android-sdk-windows\platform-tools;";C:\Users\LS\AppData\Roaming\npm;D:\Microsoft VS Code\bin;.]
2019-03-08 14:45:30.135 logback [restartedMain] INFO  o.a.c.c.C.[Tomcat].[localhost].[/] - Initializing Spring embedded WebApplicationContext
2019-03-08 14:45:30.135 logback [restartedMain] INFO  o.s.web.context.ContextLoader - Root WebApplicationContext: initialization completed in 2724 ms
2019-03-08 14:45:30.737 logback [restartedMain] INFO  o.s.s.c.ThreadPoolTaskExecutor - Initializing ExecutorService 'applicationTaskExecutor'
2019-03-08 14:45:30.975 logback [restartedMain] INFO  o.s.b.d.a.OptionalLiveReloadServer - LiveReload server is running on port 35729
2019-03-08 14:45:31.002 logback [restartedMain] INFO  o.a.coyote.http11.Http11NioProtocol - Starting ProtocolHandler ["http-nio-8080"]
2019-03-08 14:45:31.031 logback [restartedMain] INFO  o.s.b.w.e.tomcat.TomcatWebServer - Tomcat started on port(s): 8080 (http) with context path ''
2019-03-08 14:45:31.034 logback [restartedMain] INFO  c.s.SimpleaccountApplication - Started SimpleaccountApplication in 4.863 seconds (JVM running for 6.606)
2019-03-08 14:45:31.546 logback [http-nio-8080-exec-1] INFO  o.a.c.c.C.[Tomcat].[localhost].[/] - Initializing Spring DispatcherServlet 'dispatcherServlet'
2019-03-08 14:45:31.547 logback [http-nio-8080-exec-1] INFO  o.s.web.servlet.DispatcherServlet - Initializing Servlet 'dispatcherServlet'
2019-03-08 14:45:31.559 logback [http-nio-8080-exec-1] INFO  o.s.web.servlet.DispatcherServlet - Completed initialization in 12 ms
2019-03-08 14:50:27.779 logback [restartedMain] INFO  c.s.SimpleaccountApplication - Starting SimpleaccountApplication on DESKTOP-MQF4ADB with PID 7856 (C:\Users\LS\Desktop\bs\target\classes started by LS in C:\Users\LS\Desktop\bs)
2019-03-08 14:50:27.782 logback [restartedMain] INFO  c.s.SimpleaccountApplication - No active profile set, falling back to default profiles: default
2019-03-08 14:50:27.852 logback [restartedMain] INFO  o.s.b.d.e.DevToolsPropertyDefaultsPostProcessor - Devtools property defaults active! Set 'spring.devtools.add-properties' to 'false' to disable
2019-03-08 14:50:27.853 logback [restartedMain] INFO  o.s.b.d.e.DevToolsPropertyDefaultsPostProcessor - For additional web related logging consider setting the 'logging.level.web' property to 'DEBUG'
2019-03-08 14:50:30.404 logback [restartedMain] INFO  o.s.b.w.e.tomcat.TomcatWebServer - Tomcat initialized with port(s): 8080 (http)
2019-03-08 14:50:30.444 logback [restartedMain] INFO  o.a.coyote.http11.Http11NioProtocol - Initializing ProtocolHandler ["http-nio-8080"]
2019-03-08 14:50:30.465 logback [restartedMain] INFO  o.a.catalina.core.StandardService - Starting service [Tomcat]
2019-03-08 14:50:30.465 logback [restartedMain] INFO  o.a.catalina.core.StandardEngine - Starting Servlet engine: [Apache Tomcat/9.0.16]
2019-03-08 14:50:30.478 logback [restartedMain] INFO  o.a.c.core.AprLifecycleListener - The APR based Apache Tomcat Native library which allows optimal performance in production environments was not found on the java.library.path: [C:\Program Files\Java\jdk1.8.0_151\bin;C:\WINDOWS\Sun\Java\bin;C:\WINDOWS\system32;C:\WINDOWS;C:\ProgramData\Oracle\Java\javapath;C:\Program Files (x86)\Common Files\NetSarang;C:\Program Files (x86)\Java\jdk1.8.0_121\bin;C:\Windows\System32;C:\WINDOWS;C:\WINDOWS\system32\wbem;C:\Program Files\Git\cmd;C:\Program Files (x86)\Java\jdk1.8.0_121\bin;C:\Program Files (x86)\Java\jdk1.8.0_121\jre\bin;C:\Program Files\MySQL\MySQL Server 5.7\bin;D:\Mysql\mysql-5.7.13-winx64\bin;C:\WINDOWS\system32;C:\WINDOWS\System32\Wbem;C:\WINDOWS\System32\WindowsPowerShell\v1.0\;C:\Program Files (x86)\OpenVPN\bin;D:\maven\apache-maven-3.5.0\\bin;;C:\WINDOWS\System32\OpenSSH\;C:\Program Files\TortoiseSVN\bin;C:\Program Files\nodejs\;C:\Program Files\dotnet\;C:\Program Files\Microsoft SQL Server\130\Tools\Binn\;C:\Program Files (x86)\NVIDIA Corporation\PhysX\Common;C:\Program Files\NVIDIA Corporation\NVIDIA NvDLISR;D:\phantomjs\bin;C:\Users\LS\AppData\Local\Programs\Python\Python36-32\Scripts;C:\Users\LS\AppData\Local\Programs\Python\Python36-32;C:\Users\LS\AppData\Local\Microsoft\WindowsApps;"D:\android-sdk-windows\tools; D:\android-sdk-windows\platform-tools;";C:\Users\LS\AppData\Roaming\npm;D:\Microsoft VS Code\bin;.]
2019-03-08 14:50:30.713 logback [restartedMain] INFO  o.a.c.c.C.[Tomcat].[localhost].[/] - Initializing Spring embedded WebApplicationContext
2019-03-08 14:50:30.713 logback [restartedMain] INFO  o.s.web.context.ContextLoader - Root WebApplicationContext: initialization completed in 2860 ms
2019-03-08 14:50:31.498 logback [restartedMain] INFO  o.s.s.c.ThreadPoolTaskExecutor - Initializing ExecutorService 'applicationTaskExecutor'
2019-03-08 14:50:31.720 logback [restartedMain] INFO  o.s.b.d.a.OptionalLiveReloadServer - LiveReload server is running on port 35729
2019-03-08 14:50:31.749 logback [restartedMain] INFO  o.a.coyote.http11.Http11NioProtocol - Starting ProtocolHandler ["http-nio-8080"]
2019-03-08 14:50:31.776 logback [restartedMain] INFO  o.s.b.w.e.tomcat.TomcatWebServer - Tomcat started on port(s): 8080 (http) with context path ''
2019-03-08 14:50:31.779 logback [restartedMain] INFO  c.s.SimpleaccountApplication - Started SimpleaccountApplication in 5.091 seconds (JVM running for 6.985)
2019-03-08 14:50:32.973 logback [http-nio-8080-exec-2] INFO  o.a.c.c.C.[Tomcat].[localhost].[/] - Initializing Spring DispatcherServlet 'dispatcherServlet'
2019-03-08 14:50:32.973 logback [http-nio-8080-exec-2] INFO  o.s.web.servlet.DispatcherServlet - Initializing Servlet 'dispatcherServlet'
2019-03-08 14:50:32.981 logback [http-nio-8080-exec-2] INFO  o.s.web.servlet.DispatcherServlet - Completed initialization in 8 ms
2019-03-08 15:10:33.419 logback [restartedMain] INFO  c.s.SimpleaccountApplication - Starting SimpleaccountApplication on DESKTOP-MQF4ADB with PID 12836 (C:\Users\LS\Desktop\bs\target\classes started by LS in C:\Users\LS\Desktop\bs)
2019-03-08 15:10:33.425 logback [restartedMain] INFO  c.s.SimpleaccountApplication - No active profile set, falling back to default profiles: default
2019-03-08 15:10:33.529 logback [restartedMain] INFO  o.s.b.d.e.DevToolsPropertyDefaultsPostProcessor - Devtools property defaults active! Set 'spring.devtools.add-properties' to 'false' to disable
2019-03-08 15:10:33.530 logback [restartedMain] INFO  o.s.b.d.e.DevToolsPropertyDefaultsPostProcessor - For additional web related logging consider setting the 'logging.level.web' property to 'DEBUG'
2019-03-08 15:10:36.010 logback [restartedMain] INFO  o.s.b.w.e.tomcat.TomcatWebServer - Tomcat initialized with port(s): 8080 (http)
2019-03-08 15:10:36.053 logback [restartedMain] INFO  o.a.coyote.http11.Http11NioProtocol - Initializing ProtocolHandler ["http-nio-8080"]
2019-03-08 15:10:36.068 logback [restartedMain] INFO  o.a.catalina.core.StandardService - Starting service [Tomcat]
2019-03-08 15:10:36.068 logback [restartedMain] INFO  o.a.catalina.core.StandardEngine - Starting Servlet engine: [Apache Tomcat/9.0.16]
2019-03-08 15:10:36.077 logback [restartedMain] INFO  o.a.c.core.AprLifecycleListener - The APR based Apache Tomcat Native library which allows optimal performance in production environments was not found on the java.library.path: [C:\Program Files\Java\jdk1.8.0_151\bin;C:\WINDOWS\Sun\Java\bin;C:\WINDOWS\system32;C:\WINDOWS;C:\ProgramData\Oracle\Java\javapath;C:\Program Files (x86)\Common Files\NetSarang;C:\Program Files (x86)\Java\jdk1.8.0_121\bin;C:\Windows\System32;C:\WINDOWS;C:\WINDOWS\system32\wbem;C:\Program Files\Git\cmd;C:\Program Files (x86)\Java\jdk1.8.0_121\bin;C:\Program Files (x86)\Java\jdk1.8.0_121\jre\bin;C:\Program Files\MySQL\MySQL Server 5.7\bin;D:\Mysql\mysql-5.7.13-winx64\bin;C:\WINDOWS\system32;C:\WINDOWS\System32\Wbem;C:\WINDOWS\System32\WindowsPowerShell\v1.0\;C:\Program Files (x86)\OpenVPN\bin;D:\maven\apache-maven-3.5.0\\bin;;C:\WINDOWS\System32\OpenSSH\;C:\Program Files\TortoiseSVN\bin;C:\Program Files\nodejs\;C:\Program Files\dotnet\;C:\Program Files\Microsoft SQL Server\130\Tools\Binn\;C:\Program Files (x86)\NVIDIA Corporation\PhysX\Common;C:\Program Files\NVIDIA Corporation\NVIDIA NvDLISR;D:\phantomjs\bin;C:\Users\LS\AppData\Local\Programs\Python\Python36-32\Scripts;C:\Users\LS\AppData\Local\Programs\Python\Python36-32;C:\Users\LS\AppData\Local\Microsoft\WindowsApps;"D:\android-sdk-windows\tools; D:\android-sdk-windows\platform-tools;";C:\Users\LS\AppData\Roaming\npm;D:\Microsoft VS Code\bin;.]
2019-03-08 15:10:36.202 logback [restartedMain] INFO  o.a.c.c.C.[Tomcat].[localhost].[/] - Initializing Spring embedded WebApplicationContext
2019-03-08 15:10:36.203 logback [restartedMain] INFO  o.s.web.context.ContextLoader - Root WebApplicationContext: initialization completed in 2673 ms
2019-03-08 15:10:36.922 logback [restartedMain] INFO  o.s.s.c.ThreadPoolTaskExecutor - Initializing ExecutorService 'applicationTaskExecutor'
2019-03-08 15:10:37.151 logback [restartedMain] INFO  o.s.b.d.a.OptionalLiveReloadServer - LiveReload server is running on port 35729
2019-03-08 15:10:37.181 logback [restartedMain] INFO  o.a.coyote.http11.Http11NioProtocol - Starting ProtocolHandler ["http-nio-8080"]
2019-03-08 15:10:37.208 logback [restartedMain] INFO  o.s.b.w.e.tomcat.TomcatWebServer - Tomcat started on port(s): 8080 (http) with context path ''
2019-03-08 15:10:37.211 logback [restartedMain] INFO  c.s.SimpleaccountApplication - Started SimpleaccountApplication in 4.853 seconds (JVM running for 6.994)
2019-03-08 15:11:36.478 logback [http-nio-8080-exec-1] INFO  o.a.c.c.C.[Tomcat].[localhost].[/] - Initializing Spring DispatcherServlet 'dispatcherServlet'
2019-03-08 15:11:36.479 logback [http-nio-8080-exec-1] INFO  o.s.web.servlet.DispatcherServlet - Initializing Servlet 'dispatcherServlet'
2019-03-08 15:11:36.488 logback [http-nio-8080-exec-1] INFO  o.s.web.servlet.DispatcherServlet - Completed initialization in 9 ms
2019-03-08 15:14:44.733 logback [restartedMain] INFO  c.s.SimpleaccountApplication - Starting SimpleaccountApplication on DESKTOP-MQF4ADB with PID 2780 (C:\Users\LS\Desktop\bs\target\classes started by LS in C:\Users\LS\Desktop\bs)
2019-03-08 15:14:44.738 logback [restartedMain] INFO  c.s.SimpleaccountApplication - No active profile set, falling back to default profiles: default
2019-03-08 15:14:44.864 logback [restartedMain] INFO  o.s.b.d.e.DevToolsPropertyDefaultsPostProcessor - Devtools property defaults active! Set 'spring.devtools.add-properties' to 'false' to disable
2019-03-08 15:14:44.864 logback [restartedMain] INFO  o.s.b.d.e.DevToolsPropertyDefaultsPostProcessor - For additional web related logging consider setting the 'logging.level.web' property to 'DEBUG'
2019-03-08 15:14:48.573 logback [restartedMain] INFO  o.s.b.w.e.tomcat.TomcatWebServer - Tomcat initialized with port(s): 8080 (http)
2019-03-08 15:14:48.606 logback [restartedMain] INFO  o.a.coyote.http11.Http11NioProtocol - Initializing ProtocolHandler ["http-nio-8080"]
2019-03-08 15:14:48.624 logback [restartedMain] INFO  o.a.catalina.core.StandardService - Starting service [Tomcat]
2019-03-08 15:14:48.625 logback [restartedMain] INFO  o.a.catalina.core.StandardEngine - Starting Servlet engine: [Apache Tomcat/9.0.16]
2019-03-08 15:14:48.637 logback [restartedMain] INFO  o.a.c.core.AprLifecycleListener - The APR based Apache Tomcat Native library which allows optimal performance in production environments was not found on the java.library.path: [C:\Program Files\Java\jdk1.8.0_151\bin;C:\WINDOWS\Sun\Java\bin;C:\WINDOWS\system32;C:\WINDOWS;C:\ProgramData\Oracle\Java\javapath;C:\Program Files (x86)\Common Files\NetSarang;C:\Program Files (x86)\Java\jdk1.8.0_121\bin;C:\Windows\System32;C:\WINDOWS;C:\WINDOWS\system32\wbem;C:\Program Files\Git\cmd;C:\Program Files (x86)\Java\jdk1.8.0_121\bin;C:\Program Files (x86)\Java\jdk1.8.0_121\jre\bin;C:\Program Files\MySQL\MySQL Server 5.7\bin;D:\Mysql\mysql-5.7.13-winx64\bin;C:\WINDOWS\system32;C:\WINDOWS\System32\Wbem;C:\WINDOWS\System32\WindowsPowerShell\v1.0\;C:\Program Files (x86)\OpenVPN\bin;D:\maven\apache-maven-3.5.0\\bin;;C:\WINDOWS\System32\OpenSSH\;C:\Program Files\TortoiseSVN\bin;C:\Program Files\nodejs\;C:\Program Files\dotnet\;C:\Program Files\Microsoft SQL Server\130\Tools\Binn\;C:\Program Files (x86)\NVIDIA Corporation\PhysX\Common;C:\Program Files\NVIDIA Corporation\NVIDIA NvDLISR;D:\phantomjs\bin;C:\Users\LS\AppData\Local\Programs\Python\Python36-32\Scripts;C:\Users\LS\AppData\Local\Programs\Python\Python36-32;C:\Users\LS\AppData\Local\Microsoft\WindowsApps;"D:\android-sdk-windows\tools; D:\android-sdk-windows\platform-tools;";C:\Users\LS\AppData\Roaming\npm;D:\Microsoft VS Code\bin;.]
2019-03-08 15:14:48.939 logback [restartedMain] INFO  o.a.c.c.C.[Tomcat].[localhost].[/] - Initializing Spring embedded WebApplicationContext
2019-03-08 15:14:48.939 logback [restartedMain] INFO  o.s.web.context.ContextLoader - Root WebApplicationContext: initialization completed in 4075 ms
2019-03-08 15:14:50.138 logback [restartedMain] INFO  o.s.s.c.ThreadPoolTaskExecutor - Initializing ExecutorService 'applicationTaskExecutor'
2019-03-08 15:14:50.436 logback [restartedMain] INFO  o.s.b.d.a.OptionalLiveReloadServer - LiveReload server is running on port 35729
2019-03-08 15:14:50.464 logback [restartedMain] INFO  o.a.coyote.http11.Http11NioProtocol - Starting ProtocolHandler ["http-nio-8080"]
2019-03-08 15:14:50.497 logback [restartedMain] INFO  o.s.b.w.e.tomcat.TomcatWebServer - Tomcat started on port(s): 8080 (http) with context path ''
2019-03-08 15:14:50.501 logback [restartedMain] INFO  c.s.SimpleaccountApplication - Started SimpleaccountApplication in 6.934 seconds (JVM running for 8.815)
2019-03-08 15:14:56.084 logback [http-nio-8080-exec-1] INFO  o.a.c.c.C.[Tomcat].[localhost].[/] - Initializing Spring DispatcherServlet 'dispatcherServlet'
2019-03-08 15:14:56.086 logback [http-nio-8080-exec-1] INFO  o.s.web.servlet.DispatcherServlet - Initializing Servlet 'dispatcherServlet'
2019-03-08 15:14:56.106 logback [http-nio-8080-exec-1] INFO  o.s.web.servlet.DispatcherServlet - Completed initialization in 20 ms
2019-03-08 15:26:57.851 logback [restartedMain] INFO  c.s.SimpleaccountApplication - Starting SimpleaccountApplication on DESKTOP-MQF4ADB with PID 3040 (C:\Users\LS\Desktop\bs\target\classes started by LS in C:\Users\LS\Desktop\bs)
2019-03-08 15:26:57.855 logback [restartedMain] INFO  c.s.SimpleaccountApplication - No active profile set, falling back to default profiles: default
2019-03-08 15:26:57.968 logback [restartedMain] INFO  o.s.b.d.e.DevToolsPropertyDefaultsPostProcessor - Devtools property defaults active! Set 'spring.devtools.add-properties' to 'false' to disable
2019-03-08 15:26:57.969 logback [restartedMain] INFO  o.s.b.d.e.DevToolsPropertyDefaultsPostProcessor - For additional web related logging consider setting the 'logging.level.web' property to 'DEBUG'
2019-03-08 15:27:00.488 logback [restartedMain] INFO  o.s.b.w.e.tomcat.TomcatWebServer - Tomcat initialized with port(s): 8080 (http)
2019-03-08 15:27:00.525 logback [restartedMain] INFO  o.a.coyote.http11.Http11NioProtocol - Initializing ProtocolHandler ["http-nio-8080"]
2019-03-08 15:27:00.544 logback [restartedMain] INFO  o.a.catalina.core.StandardService - Starting service [Tomcat]
2019-03-08 15:27:00.544 logback [restartedMain] INFO  o.a.catalina.core.StandardEngine - Starting Servlet engine: [Apache Tomcat/9.0.16]
2019-03-08 15:27:00.565 logback [restartedMain] INFO  o.a.c.core.AprLifecycleListener - The APR based Apache Tomcat Native library which allows optimal performance in production environments was not found on the java.library.path: [C:\Program Files\Java\jdk1.8.0_151\bin;C:\WINDOWS\Sun\Java\bin;C:\WINDOWS\system32;C:\WINDOWS;C:\ProgramData\Oracle\Java\javapath;C:\Program Files (x86)\Common Files\NetSarang;C:\Program Files (x86)\Java\jdk1.8.0_121\bin;C:\Windows\System32;C:\WINDOWS;C:\WINDOWS\system32\wbem;C:\Program Files\Git\cmd;C:\Program Files (x86)\Java\jdk1.8.0_121\bin;C:\Program Files (x86)\Java\jdk1.8.0_121\jre\bin;C:\Program Files\MySQL\MySQL Server 5.7\bin;D:\Mysql\mysql-5.7.13-winx64\bin;C:\WINDOWS\system32;C:\WINDOWS\System32\Wbem;C:\WINDOWS\System32\WindowsPowerShell\v1.0\;C:\Program Files (x86)\OpenVPN\bin;D:\maven\apache-maven-3.5.0\\bin;;C:\WINDOWS\System32\OpenSSH\;C:\Program Files\TortoiseSVN\bin;C:\Program Files\nodejs\;C:\Program Files\dotnet\;C:\Program Files\Microsoft SQL Server\130\Tools\Binn\;C:\Program Files (x86)\NVIDIA Corporation\PhysX\Common;C:\Program Files\NVIDIA Corporation\NVIDIA NvDLISR;D:\phantomjs\bin;C:\Users\LS\AppData\Local\Programs\Python\Python36-32\Scripts;C:\Users\LS\AppData\Local\Programs\Python\Python36-32;C:\Users\LS\AppData\Local\Microsoft\WindowsApps;"D:\android-sdk-windows\tools; D:\android-sdk-windows\platform-tools;";C:\Users\LS\AppData\Roaming\npm;D:\Microsoft VS Code\bin;.]
2019-03-08 15:27:00.793 logback [restartedMain] INFO  o.a.c.c.C.[Tomcat].[localhost].[/] - Initializing Spring embedded WebApplicationContext
2019-03-08 15:27:00.794 logback [restartedMain] INFO  o.s.web.context.ContextLoader - Root WebApplicationContext: initialization completed in 2825 ms
2019-03-08 15:27:01.837 logback [restartedMain] INFO  o.s.s.c.ThreadPoolTaskExecutor - Initializing ExecutorService 'applicationTaskExecutor'
2019-03-08 15:27:02.114 logback [restartedMain] INFO  o.s.b.d.a.OptionalLiveReloadServer - LiveReload server is running on port 35729
2019-03-08 15:27:02.156 logback [restartedMain] INFO  o.a.coyote.http11.Http11NioProtocol - Starting ProtocolHandler ["http-nio-8080"]
2019-03-08 15:27:02.189 logback [restartedMain] INFO  o.s.b.w.e.tomcat.TomcatWebServer - Tomcat started on port(s): 8080 (http) with context path ''
2019-03-08 15:27:02.194 logback [restartedMain] INFO  c.s.SimpleaccountApplication - Started SimpleaccountApplication in 5.832 seconds (JVM running for 9.397)
2019-03-08 15:27:14.772 logback [http-nio-8080-exec-2] INFO  o.a.c.c.C.[Tomcat].[localhost].[/] - Initializing Spring DispatcherServlet 'dispatcherServlet'
2019-03-08 15:27:14.772 logback [http-nio-8080-exec-2] INFO  o.s.web.servlet.DispatcherServlet - Initializing Servlet 'dispatcherServlet'
2019-03-08 15:27:14.778 logback [http-nio-8080-exec-2] INFO  o.s.web.servlet.DispatcherServlet - Completed initialization in 6 ms
2019-03-08 15:47:10.436 logback [http-nio-8080-exec-6] INFO  com.zaxxer.hikari.HikariDataSource - HikariPool-1 - Starting...
2019-03-08 15:47:10.784 logback [http-nio-8080-exec-6] INFO  com.zaxxer.hikari.HikariDataSource - HikariPool-1 - Start completed.
