2019-03-23 13:02:22.263 logback [http-nio-8080-exec-1] WARN  o.s.w.s.m.m.a.ExceptionHandlerExceptionResolver - Resolved [org.mybatis.spring.MyBatisSystemException: nested exception is org.apache.ibatis.exceptions.PersistenceException: 
### Error querying database.  Cause: org.springframework.jdbc.CannotGetJdbcConnectionException: Failed to obtain JDBC Connection; nested exception is com.mysql.cj.jdbc.exceptions.CommunicationsException: Communications link failure

The last packet sent successfully to the server was 0 milliseconds ago. The driver has not received any packets from the server.
### The error may exist in file [C:\Users\LS\Desktop\bs\simpleaccount-h\target\classes\com\simpleaccount\mapper\sqlmapper\UserServiceMapper.xml]
### The error may involve com.simpleaccount.mapper.UserServiceMapper.queryUserInfoByName
### The error occurred while executing a query
### Cause: org.springframework.jdbc.CannotGetJdbcConnectionException: Failed to obtain JDBC Connection; nested exception is com.mysql.cj.jdbc.exceptions.CommunicationsException: Communications link failure

The last packet sent successfully to the server was 0 milliseconds ago. The driver has not received any packets from the server.]
2019-03-23 13:21:53.828 logback [http-nio-8080-exec-3] WARN  o.s.w.s.m.m.a.ExceptionHandlerExceptionResolver - Resolved [CommonException(code=400, message=用户不存在，请重新登录)]
2019-03-23 13:22:05.559 logback [http-nio-8080-exec-4] WARN  o.s.w.s.m.m.a.ExceptionHandlerExceptionResolver - Resolved [CommonException(code=400, message=无token，请重新登录)]
2019-03-23 13:24:42.329 logback [http-nio-8080-exec-3] WARN  o.s.w.s.m.m.a.ExceptionHandlerExceptionResolver - Resolved [CommonException(code=500, message=The Token's Signature resulted invalid when verified using the Algorithm: HmacSHA256)]
2019-03-23 13:27:20.062 logback [http-nio-8080-exec-1] WARN  o.s.w.s.m.m.a.ExceptionHandlerExceptionResolver - Resolved [CommonException(code=400, message=无token，请重新登录)]
2019-03-23 13:28:21.816 logback [http-nio-8080-exec-4] WARN  o.s.w.s.m.m.a.ExceptionHandlerExceptionResolver - Resolved [CommonException(code=500, message=The Token's Signature resulted invalid when verified using the Algorithm: HmacSHA256)]
2019-03-23 13:30:13.927 logback [http-nio-8080-exec-1] WARN  o.s.w.s.m.m.a.ExceptionHandlerExceptionResolver - Resolved [CommonException(code=400, message=无token，请重新登录)]
2019-03-23 13:30:22.752 logback [http-nio-8080-exec-4] WARN  o.s.w.s.m.m.a.ExceptionHandlerExceptionResolver - Resolved [CommonException(code=500, message=The Token's Signature resulted invalid when verified using the Algorithm: HmacSHA256)]
2019-03-23 13:37:44.684 logback [http-nio-8080-exec-4] WARN  o.s.w.s.m.m.a.ExceptionHandlerExceptionResolver - Resolved [CommonException(code=400, message=无token，请重新登录)]
2019-03-23 13:38:10.873 logback [http-nio-8080-exec-3] WARN  o.s.w.s.m.m.a.ExceptionHandlerExceptionResolver - Resolved [CommonException(code=500, message=The Token's Signature resulted invalid when verified using the Algorithm: HmacSHA256)]
2019-03-23 13:38:30.256 logback [http-nio-8080-exec-8] WARN  o.s.w.s.m.m.a.ExceptionHandlerExceptionResolver - Resolved [CommonException(code=500, message=The Token's Signature resulted invalid when verified using the Algorithm: HmacSHA256)]
2019-03-23 13:39:01.771 logback [http-nio-8080-exec-1] WARN  o.s.w.s.m.m.a.ExceptionHandlerExceptionResolver - Resolved [CommonException(code=500, message=The Token's Signature resulted invalid when verified using the Algorithm: HmacSHA256)]
2019-03-23 13:39:25.719 logback [http-nio-8080-exec-4] WARN  o.s.w.s.m.m.a.ExceptionHandlerExceptionResolver - Resolved [CommonException(code=500, message=The Token's Signature resulted invalid when verified using the Algorithm: HmacSHA256)]
2019-03-23 13:39:36.558 logback [http-nio-8080-exec-5] WARN  o.s.w.s.m.m.a.ExceptionHandlerExceptionResolver - Resolved [CommonException(code=500, message=The Token's Signature resulted invalid when verified using the Algorithm: HmacSHA256)]
2019-03-23 13:42:12.829 logback [http-nio-8080-exec-6] WARN  o.s.w.s.m.m.a.ExceptionHandlerExceptionResolver - Resolved [CommonException(code=400, message=无token，请重新登录)]
2019-03-23 13:48:17.279 logback [http-nio-8080-exec-1] WARN  o.s.w.s.m.m.a.ExceptionHandlerExceptionResolver - Resolved [CommonException(code=400, message=无token，请重新登录)]
2019-03-23 13:48:28.535 logback [http-nio-8080-exec-3] WARN  o.s.w.s.m.m.a.ExceptionHandlerExceptionResolver - Resolved [CommonException(code=500, message=创建token失败)]
2019-03-23 13:48:35.022 logback [http-nio-8080-exec-4] WARN  o.s.w.s.m.m.a.ExceptionHandlerExceptionResolver - Resolved [CommonException(code=500, message=创建token失败)]
2019-03-23 13:53:18.821 logback [http-nio-8080-exec-1] WARN  o.s.w.s.m.m.a.ExceptionHandlerExceptionResolver - Resolved [CommonException(code=400, message=无token，请重新登录)]
2019-03-23 13:53:25.648 logback [http-nio-8080-exec-3] WARN  o.s.w.s.m.m.a.ExceptionHandlerExceptionResolver - Resolved [CommonException(code=500, message=The Token's Signature resulted invalid when verified using the Algorithm: HmacSHA256)]
2019-03-23 13:54:48.240 logback [http-nio-8080-exec-3] WARN  o.s.w.s.m.m.a.ExceptionHandlerExceptionResolver - Resolved [CommonException(code=400, message=无token，请重新登录)]
2019-03-23 14:06:22.864 logback [http-nio-8080-exec-9] WARN  o.s.w.s.m.m.a.ExceptionHandlerExceptionResolver - Resolved [CommonException(code=500, message=The Token's Signature resulted invalid when verified using the Algorithm: HmacSHA256)]
2019-03-23 14:07:07.355 logback [http-nio-8080-exec-1] WARN  o.s.w.s.m.m.a.ExceptionHandlerExceptionResolver - Resolved [CommonException(code=500, message=The Token's Signature resulted invalid when verified using the Algorithm: HmacSHA256)]
2019-03-23 14:07:21.368 logback [http-nio-8080-exec-2] WARN  o.s.w.s.m.m.a.ExceptionHandlerExceptionResolver - Resolved [CommonException(code=400, message=无token，请重新登录)]
2019-03-23 14:07:43.248 logback [http-nio-8080-exec-4] WARN  o.s.w.s.m.m.a.ExceptionHandlerExceptionResolver - Resolved [CommonException(code=500, message=The Token's Signature resulted invalid when verified using the Algorithm: HmacSHA256)]
2019-03-23 14:09:53.148 logback [http-nio-8080-exec-6] WARN  o.s.w.s.m.m.a.ExceptionHandlerExceptionResolver - Resolved [CommonException(code=500, message=The Token's Signature resulted invalid when verified using the Algorithm: HmacSHA256)]
2019-03-23 14:10:08.769 logback [http-nio-8080-exec-8] WARN  o.s.w.s.m.m.a.ExceptionHandlerExceptionResolver - Resolved [CommonException(code=500, message=The Token's Signature resulted invalid when verified using the Algorithm: HmacSHA256)]
2019-03-23 14:10:14.524 logback [http-nio-8080-exec-10] WARN  o.s.w.s.m.m.a.ExceptionHandlerExceptionResolver - Resolved [CommonException(code=500, message=The Token's Signature resulted invalid when verified using the Algorithm: HmacSHA256)]
2019-03-23 14:11:51.407 logback [http-nio-8080-exec-2] WARN  o.s.w.s.m.m.a.ExceptionHandlerExceptionResolver - Resolved [CommonException(code=500, message=The Token's Signature resulted invalid when verified using the Algorithm: HmacSHA256)]
2019-03-23 14:12:27.069 logback [http-nio-8080-exec-4] WARN  o.s.w.s.m.m.a.ExceptionHandlerExceptionResolver - Resolved [CommonException(code=500, message=The Token's Signature resulted invalid when verified using the Algorithm: HmacSHA256)]
2019-03-23 14:12:40.447 logback [http-nio-8080-exec-6] WARN  o.s.w.s.m.m.a.ExceptionHandlerExceptionResolver - Resolved [CommonException(code=500, message=The Token's Signature resulted invalid when verified using the Algorithm: HmacSHA256)]
2019-03-23 14:15:16.776 logback [http-nio-8080-exec-10] WARN  o.s.w.s.m.m.a.ExceptionHandlerExceptionResolver - Resolved [CommonException(code=500, message=The Token's Signature resulted invalid when verified using the Algorithm: HmacSHA256)]
2019-03-23 14:18:33.105 logback [http-nio-8080-exec-8] WARN  o.s.w.s.m.m.a.ExceptionHandlerExceptionResolver - Resolved [CommonException(code=500, message=The Token's Signature resulted invalid when verified using the Algorithm: HmacSHA256)]
2019-03-23 14:18:36.702 logback [http-nio-8080-exec-10] WARN  o.s.w.s.m.m.a.ExceptionHandlerExceptionResolver - Resolved [CommonException(code=500, message=The Token's Signature resulted invalid when verified using the Algorithm: HmacSHA256)]
2019-03-23 14:18:39.405 logback [http-nio-8080-exec-2] WARN  o.s.w.s.m.m.a.ExceptionHandlerExceptionResolver - Resolved [CommonException(code=500, message=The Token's Signature resulted invalid when verified using the Algorithm: HmacSHA256)]
2019-03-23 14:18:40.809 logback [http-nio-8080-exec-4] WARN  o.s.w.s.m.m.a.ExceptionHandlerExceptionResolver - Resolved [CommonException(code=500, message=The Token's Signature resulted invalid when verified using the Algorithm: HmacSHA256)]
2019-03-23 14:18:41.918 logback [http-nio-8080-exec-6] WARN  o.s.w.s.m.m.a.ExceptionHandlerExceptionResolver - Resolved [CommonException(code=500, message=The Token's Signature resulted invalid when verified using the Algorithm: HmacSHA256)]
2019-03-23 14:18:50.942 logback [http-nio-8080-exec-8] WARN  o.s.w.s.m.m.a.ExceptionHandlerExceptionResolver - Resolved [CommonException(code=500, message=The Token's Signature resulted invalid when verified using the Algorithm: HmacSHA256)]
2019-03-23 14:19:15.259 logback [http-nio-8080-exec-10] WARN  o.s.w.s.m.m.a.ExceptionHandlerExceptionResolver - Resolved [CommonException(code=500, message=The Token's Signature resulted invalid when verified using the Algorithm: HmacSHA256)]
2019-03-23 14:19:18.924 logback [http-nio-8080-exec-2] WARN  o.s.w.s.m.m.a.ExceptionHandlerExceptionResolver - Resolved [CommonException(code=500, message=The Token's Signature resulted invalid when verified using the Algorithm: HmacSHA256)]
2019-03-23 14:19:20.307 logback [http-nio-8080-exec-4] WARN  o.s.w.s.m.m.a.ExceptionHandlerExceptionResolver - Resolved [CommonException(code=500, message=The Token's Signature resulted invalid when verified using the Algorithm: HmacSHA256)]
2019-03-23 14:19:21.294 logback [http-nio-8080-exec-6] WARN  o.s.w.s.m.m.a.ExceptionHandlerExceptionResolver - Resolved [CommonException(code=500, message=The Token's Signature resulted invalid when verified using the Algorithm: HmacSHA256)]
2019-03-23 14:19:22.299 logback [http-nio-8080-exec-8] WARN  o.s.w.s.m.m.a.ExceptionHandlerExceptionResolver - Resolved [CommonException(code=500, message=The Token's Signature resulted invalid when verified using the Algorithm: HmacSHA256)]
2019-03-23 14:19:23.151 logback [http-nio-8080-exec-10] WARN  o.s.w.s.m.m.a.ExceptionHandlerExceptionResolver - Resolved [CommonException(code=500, message=The Token's Signature resulted invalid when verified using the Algorithm: HmacSHA256)]
2019-03-23 14:19:24.069 logback [http-nio-8080-exec-2] WARN  o.s.w.s.m.m.a.ExceptionHandlerExceptionResolver - Resolved [CommonException(code=500, message=The Token's Signature resulted invalid when verified using the Algorithm: HmacSHA256)]
2019-03-23 14:19:24.848 logback [http-nio-8080-exec-4] WARN  o.s.w.s.m.m.a.ExceptionHandlerExceptionResolver - Resolved [CommonException(code=500, message=The Token's Signature resulted invalid when verified using the Algorithm: HmacSHA256)]
2019-03-23 14:19:31.181 logback [http-nio-8080-exec-6] WARN  o.s.w.s.m.m.a.ExceptionHandlerExceptionResolver - Resolved [CommonException(code=500, message=The Token's Signature resulted invalid when verified using the Algorithm: HmacSHA256)]
2019-03-23 14:19:32.711 logback [http-nio-8080-exec-8] WARN  o.s.w.s.m.m.a.ExceptionHandlerExceptionResolver - Resolved [CommonException(code=500, message=The Token's Signature resulted invalid when verified using the Algorithm: HmacSHA256)]
2019-03-23 14:19:33.601 logback [http-nio-8080-exec-10] WARN  o.s.w.s.m.m.a.ExceptionHandlerExceptionResolver - Resolved [CommonException(code=500, message=The Token's Signature resulted invalid when verified using the Algorithm: HmacSHA256)]
