2019-03-21 09:55:38.389 logback [restartedMain] INFO  c.s.SimpleaccountApplication - Starting SimpleaccountApplication on DESKTOP-MQF4ADB with PID 3332 (C:\Users\LS\Desktop\bs\simpleaccount-h\target\classes started by LS in C:\Users\LS\Desktop\bs\simpleaccount-h)
2019-03-21 09:55:38.394 logback [restartedMain] INFO  c.s.SimpleaccountApplication - No active profile set, falling back to default profiles: default
2019-03-21 09:55:38.607 logback [restartedMain] INFO  o.s.b.d.e.DevToolsPropertyDefaultsPostProcessor - Devtools property defaults active! Set 'spring.devtools.add-properties' to 'false' to disable
2019-03-21 09:55:38.608 logback [restartedMain] INFO  o.s.b.d.e.DevToolsPropertyDefaultsPostProcessor - For additional web related logging consider setting the 'logging.level.web' property to 'DEBUG'
2019-03-21 09:55:41.106 logback [restartedMain] INFO  o.s.c.s.PostProcessorRegistrationDelegate$BeanPostProcessorChecker - Bean 'org.springframework.transaction.annotation.ProxyTransactionManagementConfiguration' of type [org.springframework.transaction.annotation.ProxyTransactionManagementConfiguration$$EnhancerBySpringCGLIB$$9ce5d42] is not eligible for getting processed by all BeanPostProcessors (for example: not eligible for auto-proxying)
2019-03-21 09:55:41.637 logback [restartedMain] INFO  o.s.b.w.e.tomcat.TomcatWebServer - Tomcat initialized with port(s): 8080 (http)
2019-03-21 09:55:41.656 logback [restartedMain] INFO  o.a.coyote.http11.Http11NioProtocol - Initializing ProtocolHandler ["http-nio-8080"]
2019-03-21 09:55:41.670 logback [restartedMain] INFO  o.a.catalina.core.StandardService - Starting service [Tomcat]
2019-03-21 09:55:41.670 logback [restartedMain] INFO  o.a.catalina.core.StandardEngine - Starting Servlet engine: [Apache Tomcat/9.0.16]
2019-03-21 09:55:41.682 logback [restartedMain] INFO  o.a.c.core.AprLifecycleListener - The APR based Apache Tomcat Native library which allows optimal performance in production environments was not found on the java.library.path: [C:\Program Files\Java\jdk1.8.0_151\bin;C:\WINDOWS\Sun\Java\bin;C:\WINDOWS\system32;C:\WINDOWS;C:\ProgramData\Oracle\Java\javapath;C:\Program Files (x86)\Common Files\NetSarang;C:\Program Files (x86)\Java\jdk1.8.0_121\bin;C:\Windows\System32;C:\WINDOWS;C:\WINDOWS\system32\wbem;C:\Program Files\Git\cmd;C:\Program Files (x86)\Java\jdk1.8.0_121\bin;C:\Program Files (x86)\Java\jdk1.8.0_121\jre\bin;C:\Program Files\MySQL\MySQL Server 5.7\bin;D:\Mysql\mysql-5.7.13-winx64\bin;C:\WINDOWS\system32;C:\WINDOWS\System32\Wbem;C:\WINDOWS\System32\WindowsPowerShell\v1.0\;C:\Program Files (x86)\OpenVPN\bin;D:\maven\apache-maven-3.5.0\\bin;;C:\WINDOWS\System32\OpenSSH\;C:\Program Files\TortoiseSVN\bin;C:\Program Files\nodejs\;C:\Program Files\dotnet\;C:\Program Files\Microsoft SQL Server\130\Tools\Binn\;C:\Program Files (x86)\NVIDIA Corporation\PhysX\Common;C:\Program Files\NVIDIA Corporation\NVIDIA NvDLISR;D:\phantomjs\bin;C:\Users\LS\AppData\Local\Programs\Python\Python36-32\Scripts;C:\Users\LS\AppData\Local\Programs\Python\Python36-32;C:\Users\LS\AppData\Local\Microsoft\WindowsApps;"D:\android-sdk-windows\tools; D:\android-sdk-windows\platform-tools;";C:\Users\LS\AppData\Roaming\npm;D:\Microsoft VS Code\bin;.]
2019-03-21 09:55:41.826 logback [restartedMain] INFO  o.a.c.c.C.[Tomcat].[localhost].[/] - Initializing Spring embedded WebApplicationContext
2019-03-21 09:55:41.827 logback [restartedMain] INFO  o.s.web.context.ContextLoader - Root WebApplicationContext: initialization completed in 3219 ms
2019-03-21 09:55:43.008 logback [restartedMain] INFO  o.s.s.c.ThreadPoolTaskExecutor - Initializing ExecutorService 'applicationTaskExecutor'
2019-03-21 09:55:43.087 logback [restartedMain] INFO  o.s.b.d.a.OptionalLiveReloadServer - LiveReload server is running on port 35729
2019-03-21 09:55:43.354 logback [restartedMain] INFO  s.d.s.w.p.DocumentationPluginsBootstrapper - Context refreshed
2019-03-21 09:55:43.378 logback [restartedMain] INFO  s.d.s.w.p.DocumentationPluginsBootstrapper - Found 1 custom documentation plugin(s)
2019-03-21 09:55:43.399 logback [restartedMain] INFO  s.d.s.w.s.ApiListingReferenceScanner - Scanning for api listing references
2019-03-21 09:55:43.549 logback [restartedMain] INFO  o.a.coyote.http11.Http11NioProtocol - Starting ProtocolHandler ["http-nio-8080"]
2019-03-21 09:55:43.590 logback [restartedMain] INFO  o.s.b.w.e.tomcat.TomcatWebServer - Tomcat started on port(s): 8080 (http) with context path ''
2019-03-21 09:55:43.594 logback [restartedMain] INFO  c.s.SimpleaccountApplication - Started SimpleaccountApplication in 6.272 seconds (JVM running for 9.054)
2019-03-21 09:56:11.718 logback [http-nio-8080-exec-1] INFO  o.a.c.c.C.[Tomcat].[localhost].[/] - Initializing Spring DispatcherServlet 'dispatcherServlet'
2019-03-21 09:56:11.718 logback [http-nio-8080-exec-1] INFO  o.s.web.servlet.DispatcherServlet - Initializing Servlet 'dispatcherServlet'
2019-03-21 09:56:11.726 logback [http-nio-8080-exec-1] INFO  o.s.web.servlet.DispatcherServlet - Completed initialization in 8 ms
2019-03-21 09:56:11.773 logback [http-nio-8080-exec-1] INFO  com.zaxxer.hikari.HikariDataSource - HikariPool-1 - Starting...
2019-03-21 09:56:25.188 logback [http-nio-8080-exec-5] INFO  com.zaxxer.hikari.HikariDataSource - HikariPool-1 - Starting...
2019-03-21 09:56:25.276 logback [http-nio-8080-exec-5] INFO  com.zaxxer.hikari.HikariDataSource - HikariPool-1 - Start completed.
2019-03-21 09:59:19.357 logback [restartedMain] INFO  c.s.SimpleaccountApplication - Starting SimpleaccountApplication on DESKTOP-MQF4ADB with PID 4012 (C:\Users\LS\Desktop\bs\simpleaccount-h\target\classes started by LS in C:\Users\LS\Desktop\bs\simpleaccount-h)
2019-03-21 09:59:19.361 logback [restartedMain] INFO  c.s.SimpleaccountApplication - No active profile set, falling back to default profiles: default
2019-03-21 09:59:19.438 logback [restartedMain] INFO  o.s.b.d.e.DevToolsPropertyDefaultsPostProcessor - Devtools property defaults active! Set 'spring.devtools.add-properties' to 'false' to disable
2019-03-21 09:59:19.438 logback [restartedMain] INFO  o.s.b.d.e.DevToolsPropertyDefaultsPostProcessor - For additional web related logging consider setting the 'logging.level.web' property to 'DEBUG'
2019-03-21 09:59:22.047 logback [restartedMain] INFO  o.s.c.s.PostProcessorRegistrationDelegate$BeanPostProcessorChecker - Bean 'org.springframework.transaction.annotation.ProxyTransactionManagementConfiguration' of type [org.springframework.transaction.annotation.ProxyTransactionManagementConfiguration$$EnhancerBySpringCGLIB$$363ab471] is not eligible for getting processed by all BeanPostProcessors (for example: not eligible for auto-proxying)
2019-03-21 09:59:22.516 logback [restartedMain] INFO  o.s.b.w.e.tomcat.TomcatWebServer - Tomcat initialized with port(s): 8080 (http)
2019-03-21 09:59:22.536 logback [restartedMain] INFO  o.a.coyote.http11.Http11NioProtocol - Initializing ProtocolHandler ["http-nio-8080"]
2019-03-21 09:59:22.549 logback [restartedMain] INFO  o.a.catalina.core.StandardService - Starting service [Tomcat]
2019-03-21 09:59:22.549 logback [restartedMain] INFO  o.a.catalina.core.StandardEngine - Starting Servlet engine: [Apache Tomcat/9.0.16]
2019-03-21 09:59:22.559 logback [restartedMain] INFO  o.a.c.core.AprLifecycleListener - The APR based Apache Tomcat Native library which allows optimal performance in production environments was not found on the java.library.path: [C:\Program Files\Java\jdk1.8.0_151\bin;C:\WINDOWS\Sun\Java\bin;C:\WINDOWS\system32;C:\WINDOWS;C:\ProgramData\Oracle\Java\javapath;C:\Program Files (x86)\Common Files\NetSarang;C:\Program Files (x86)\Java\jdk1.8.0_121\bin;C:\Windows\System32;C:\WINDOWS;C:\WINDOWS\system32\wbem;C:\Program Files\Git\cmd;C:\Program Files (x86)\Java\jdk1.8.0_121\bin;C:\Program Files (x86)\Java\jdk1.8.0_121\jre\bin;C:\Program Files\MySQL\MySQL Server 5.7\bin;D:\Mysql\mysql-5.7.13-winx64\bin;C:\WINDOWS\system32;C:\WINDOWS\System32\Wbem;C:\WINDOWS\System32\WindowsPowerShell\v1.0\;C:\Program Files (x86)\OpenVPN\bin;D:\maven\apache-maven-3.5.0\\bin;;C:\WINDOWS\System32\OpenSSH\;C:\Program Files\TortoiseSVN\bin;C:\Program Files\nodejs\;C:\Program Files\dotnet\;C:\Program Files\Microsoft SQL Server\130\Tools\Binn\;C:\Program Files (x86)\NVIDIA Corporation\PhysX\Common;C:\Program Files\NVIDIA Corporation\NVIDIA NvDLISR;D:\phantomjs\bin;C:\Users\LS\AppData\Local\Programs\Python\Python36-32\Scripts;C:\Users\LS\AppData\Local\Programs\Python\Python36-32;C:\Users\LS\AppData\Local\Microsoft\WindowsApps;"D:\android-sdk-windows\tools; D:\android-sdk-windows\platform-tools;";C:\Users\LS\AppData\Roaming\npm;D:\Microsoft VS Code\bin;.]
2019-03-21 09:59:22.704 logback [restartedMain] INFO  o.a.c.c.C.[Tomcat].[localhost].[/] - Initializing Spring embedded WebApplicationContext
2019-03-21 09:59:22.704 logback [restartedMain] INFO  o.s.web.context.ContextLoader - Root WebApplicationContext: initialization completed in 3266 ms
2019-03-21 09:59:23.513 logback [restartedMain] INFO  o.s.s.c.ThreadPoolTaskExecutor - Initializing ExecutorService 'applicationTaskExecutor'
2019-03-21 09:59:23.564 logback [restartedMain] INFO  o.s.b.d.a.OptionalLiveReloadServer - LiveReload server is running on port 35729
2019-03-21 09:59:23.781 logback [restartedMain] INFO  s.d.s.w.p.DocumentationPluginsBootstrapper - Context refreshed
2019-03-21 09:59:23.801 logback [restartedMain] INFO  s.d.s.w.p.DocumentationPluginsBootstrapper - Found 1 custom documentation plugin(s)
2019-03-21 09:59:23.821 logback [restartedMain] INFO  s.d.s.w.s.ApiListingReferenceScanner - Scanning for api listing references
2019-03-21 09:59:23.978 logback [restartedMain] INFO  o.a.coyote.http11.Http11NioProtocol - Starting ProtocolHandler ["http-nio-8080"]
2019-03-21 09:59:24.005 logback [restartedMain] INFO  o.s.b.w.e.tomcat.TomcatWebServer - Tomcat started on port(s): 8080 (http) with context path ''
2019-03-21 09:59:24.009 logback [restartedMain] INFO  c.s.SimpleaccountApplication - Started SimpleaccountApplication in 5.809 seconds (JVM running for 7.582)
2019-03-21 09:59:26.730 logback [http-nio-8080-exec-1] INFO  o.a.c.c.C.[Tomcat].[localhost].[/] - Initializing Spring DispatcherServlet 'dispatcherServlet'
2019-03-21 09:59:26.730 logback [http-nio-8080-exec-1] INFO  o.s.web.servlet.DispatcherServlet - Initializing Servlet 'dispatcherServlet'
2019-03-21 09:59:26.739 logback [http-nio-8080-exec-1] INFO  o.s.web.servlet.DispatcherServlet - Completed initialization in 9 ms
2019-03-21 09:59:26.780 logback [http-nio-8080-exec-1] INFO  com.zaxxer.hikari.HikariDataSource - HikariPool-1 - Starting...
2019-03-21 09:59:27.010 logback [http-nio-8080-exec-1] INFO  com.zaxxer.hikari.HikariDataSource - HikariPool-1 - Start completed.
2019-03-21 10:58:24.090 logback [restartedMain] INFO  c.s.SimpleaccountApplication - Starting SimpleaccountApplication on DESKTOP-MQF4ADB with PID 12560 (C:\Users\LS\Desktop\bs\simpleaccount-h\target\classes started by LS in C:\Users\LS\Desktop\bs\simpleaccount-h)
2019-03-21 10:58:24.096 logback [restartedMain] INFO  c.s.SimpleaccountApplication - No active profile set, falling back to default profiles: default
2019-03-21 10:58:24.293 logback [restartedMain] INFO  o.s.b.d.e.DevToolsPropertyDefaultsPostProcessor - Devtools property defaults active! Set 'spring.devtools.add-properties' to 'false' to disable
2019-03-21 10:58:24.293 logback [restartedMain] INFO  o.s.b.d.e.DevToolsPropertyDefaultsPostProcessor - For additional web related logging consider setting the 'logging.level.web' property to 'DEBUG'
2019-03-21 10:58:26.541 logback [restartedMain] INFO  o.s.c.s.PostProcessorRegistrationDelegate$BeanPostProcessorChecker - Bean 'org.springframework.transaction.annotation.ProxyTransactionManagementConfiguration' of type [org.springframework.transaction.annotation.ProxyTransactionManagementConfiguration$$EnhancerBySpringCGLIB$$9020a730] is not eligible for getting processed by all BeanPostProcessors (for example: not eligible for auto-proxying)
2019-03-21 10:58:27.093 logback [restartedMain] INFO  o.s.b.w.e.tomcat.TomcatWebServer - Tomcat initialized with port(s): 8080 (http)
2019-03-21 10:58:27.113 logback [restartedMain] INFO  o.a.coyote.http11.Http11NioProtocol - Initializing ProtocolHandler ["http-nio-8080"]
2019-03-21 10:58:27.125 logback [restartedMain] INFO  o.a.catalina.core.StandardService - Starting service [Tomcat]
2019-03-21 10:58:27.125 logback [restartedMain] INFO  o.a.catalina.core.StandardEngine - Starting Servlet engine: [Apache Tomcat/9.0.16]
2019-03-21 10:58:27.133 logback [restartedMain] INFO  o.a.c.core.AprLifecycleListener - The APR based Apache Tomcat Native library which allows optimal performance in production environments was not found on the java.library.path: [C:\Program Files\Java\jdk1.8.0_151\bin;C:\WINDOWS\Sun\Java\bin;C:\WINDOWS\system32;C:\WINDOWS;C:\ProgramData\Oracle\Java\javapath;C:\Program Files (x86)\Common Files\NetSarang;C:\Program Files (x86)\Java\jdk1.8.0_121\bin;C:\Windows\System32;C:\WINDOWS;C:\WINDOWS\system32\wbem;C:\Program Files\Git\cmd;C:\Program Files (x86)\Java\jdk1.8.0_121\bin;C:\Program Files (x86)\Java\jdk1.8.0_121\jre\bin;C:\Program Files\MySQL\MySQL Server 5.7\bin;D:\Mysql\mysql-5.7.13-winx64\bin;C:\WINDOWS\system32;C:\WINDOWS\System32\Wbem;C:\WINDOWS\System32\WindowsPowerShell\v1.0\;C:\Program Files (x86)\OpenVPN\bin;D:\maven\apache-maven-3.5.0\\bin;;C:\WINDOWS\System32\OpenSSH\;C:\Program Files\TortoiseSVN\bin;C:\Program Files\nodejs\;C:\Program Files\dotnet\;C:\Program Files\Microsoft SQL Server\130\Tools\Binn\;C:\Program Files (x86)\NVIDIA Corporation\PhysX\Common;C:\Program Files\NVIDIA Corporation\NVIDIA NvDLISR;D:\phantomjs\bin;C:\Users\LS\AppData\Local\Programs\Python\Python36-32\Scripts;C:\Users\LS\AppData\Local\Programs\Python\Python36-32;C:\Users\LS\AppData\Local\Microsoft\WindowsApps;"D:\android-sdk-windows\tools; D:\android-sdk-windows\platform-tools;";C:\Users\LS\AppData\Roaming\npm;D:\Microsoft VS Code\bin;.]
2019-03-21 10:58:27.282 logback [restartedMain] INFO  o.a.c.c.C.[Tomcat].[localhost].[/] - Initializing Spring embedded WebApplicationContext
2019-03-21 10:58:27.282 logback [restartedMain] INFO  o.s.web.context.ContextLoader - Root WebApplicationContext: initialization completed in 2988 ms
2019-03-21 10:58:28.741 logback [restartedMain] INFO  o.s.s.c.ThreadPoolTaskExecutor - Initializing ExecutorService 'applicationTaskExecutor'
2019-03-21 10:58:28.815 logback [restartedMain] INFO  o.s.b.d.a.OptionalLiveReloadServer - LiveReload server is running on port 35729
2019-03-21 10:58:29.115 logback [restartedMain] INFO  s.d.s.w.p.DocumentationPluginsBootstrapper - Context refreshed
2019-03-21 10:58:29.156 logback [restartedMain] INFO  s.d.s.w.p.DocumentationPluginsBootstrapper - Found 1 custom documentation plugin(s)
2019-03-21 10:58:29.193 logback [restartedMain] INFO  s.d.s.w.s.ApiListingReferenceScanner - Scanning for api listing references
2019-03-21 10:58:29.518 logback [restartedMain] INFO  o.a.coyote.http11.Http11NioProtocol - Starting ProtocolHandler ["http-nio-8080"]
2019-03-21 10:58:29.553 logback [restartedMain] INFO  o.s.b.w.e.tomcat.TomcatWebServer - Tomcat started on port(s): 8080 (http) with context path ''
2019-03-21 10:58:29.557 logback [restartedMain] INFO  c.s.SimpleaccountApplication - Started SimpleaccountApplication in 6.375 seconds (JVM running for 10.391)
2019-03-21 11:00:56.891 logback [http-nio-8080-exec-1] INFO  o.a.c.c.C.[Tomcat].[localhost].[/] - Initializing Spring DispatcherServlet 'dispatcherServlet'
2019-03-21 11:00:56.897 logback [http-nio-8080-exec-1] INFO  o.s.web.servlet.DispatcherServlet - Initializing Servlet 'dispatcherServlet'
2019-03-21 11:00:56.966 logback [http-nio-8080-exec-1] INFO  o.s.web.servlet.DispatcherServlet - Completed initialization in 68 ms
2019-03-21 11:02:19.953 logback [http-nio-8080-exec-6] INFO  com.zaxxer.hikari.HikariDataSource - HikariPool-1 - Starting...
2019-03-21 11:02:20.303 logback [http-nio-8080-exec-6] INFO  com.zaxxer.hikari.HikariDataSource - HikariPool-1 - Start completed.
2019-03-21 11:05:22.244 logback [restartedMain] INFO  c.s.SimpleaccountApplication - Starting SimpleaccountApplication on DESKTOP-MQF4ADB with PID 10732 (C:\Users\LS\Desktop\bs\simpleaccount-h\target\classes started by LS in C:\Users\LS\Desktop\bs\simpleaccount-h)
2019-03-21 11:05:22.253 logback [restartedMain] INFO  c.s.SimpleaccountApplication - No active profile set, falling back to default profiles: default
2019-03-21 11:05:22.393 logback [restartedMain] INFO  o.s.b.d.e.DevToolsPropertyDefaultsPostProcessor - Devtools property defaults active! Set 'spring.devtools.add-properties' to 'false' to disable
2019-03-21 11:05:22.393 logback [restartedMain] INFO  o.s.b.d.e.DevToolsPropertyDefaultsPostProcessor - For additional web related logging consider setting the 'logging.level.web' property to 'DEBUG'
2019-03-21 11:05:25.859 logback [restartedMain] INFO  o.s.c.s.PostProcessorRegistrationDelegate$BeanPostProcessorChecker - Bean 'org.springframework.transaction.annotation.ProxyTransactionManagementConfiguration' of type [org.springframework.transaction.annotation.ProxyTransactionManagementConfiguration$$EnhancerBySpringCGLIB$$2353123c] is not eligible for getting processed by all BeanPostProcessors (for example: not eligible for auto-proxying)
2019-03-21 11:05:26.994 logback [restartedMain] INFO  o.s.b.w.e.tomcat.TomcatWebServer - Tomcat initialized with port(s): 8080 (http)
2019-03-21 11:05:27.019 logback [restartedMain] INFO  o.a.coyote.http11.Http11NioProtocol - Initializing ProtocolHandler ["http-nio-8080"]
2019-03-21 11:05:27.042 logback [restartedMain] INFO  o.a.catalina.core.StandardService - Starting service [Tomcat]
2019-03-21 11:05:27.042 logback [restartedMain] INFO  o.a.catalina.core.StandardEngine - Starting Servlet engine: [Apache Tomcat/9.0.16]
2019-03-21 11:05:27.057 logback [restartedMain] INFO  o.a.c.core.AprLifecycleListener - The APR based Apache Tomcat Native library which allows optimal performance in production environments was not found on the java.library.path: [C:\Program Files\Java\jdk1.8.0_151\bin;C:\WINDOWS\Sun\Java\bin;C:\WINDOWS\system32;C:\WINDOWS;C:\ProgramData\Oracle\Java\javapath;C:\Program Files (x86)\Common Files\NetSarang;C:\Program Files (x86)\Java\jdk1.8.0_121\bin;C:\Windows\System32;C:\WINDOWS;C:\WINDOWS\system32\wbem;C:\Program Files\Git\cmd;C:\Program Files (x86)\Java\jdk1.8.0_121\bin;C:\Program Files (x86)\Java\jdk1.8.0_121\jre\bin;C:\Program Files\MySQL\MySQL Server 5.7\bin;D:\Mysql\mysql-5.7.13-winx64\bin;C:\WINDOWS\system32;C:\WINDOWS\System32\Wbem;C:\WINDOWS\System32\WindowsPowerShell\v1.0\;C:\Program Files (x86)\OpenVPN\bin;D:\maven\apache-maven-3.5.0\\bin;;C:\WINDOWS\System32\OpenSSH\;C:\Program Files\TortoiseSVN\bin;C:\Program Files\nodejs\;C:\Program Files\dotnet\;C:\Program Files\Microsoft SQL Server\130\Tools\Binn\;C:\Program Files (x86)\NVIDIA Corporation\PhysX\Common;C:\Program Files\NVIDIA Corporation\NVIDIA NvDLISR;D:\phantomjs\bin;C:\Users\LS\AppData\Local\Programs\Python\Python36-32\Scripts;C:\Users\LS\AppData\Local\Programs\Python\Python36-32;C:\Users\LS\AppData\Local\Microsoft\WindowsApps;"D:\android-sdk-windows\tools; D:\android-sdk-windows\platform-tools;";C:\Users\LS\AppData\Roaming\npm;D:\Microsoft VS Code\bin;.]
2019-03-21 11:05:27.450 logback [restartedMain] INFO  o.a.c.c.C.[Tomcat].[localhost].[/] - Initializing Spring embedded WebApplicationContext
2019-03-21 11:05:27.451 logback [restartedMain] INFO  o.s.web.context.ContextLoader - Root WebApplicationContext: initialization completed in 5058 ms
2019-03-21 11:05:28.719 logback [restartedMain] INFO  o.s.s.c.ThreadPoolTaskExecutor - Initializing ExecutorService 'applicationTaskExecutor'
2019-03-21 11:05:28.783 logback [restartedMain] INFO  o.s.b.d.a.OptionalLiveReloadServer - LiveReload server is running on port 35729
2019-03-21 11:05:29.087 logback [restartedMain] INFO  s.d.s.w.p.DocumentationPluginsBootstrapper - Context refreshed
2019-03-21 11:05:29.117 logback [restartedMain] INFO  s.d.s.w.p.DocumentationPluginsBootstrapper - Found 1 custom documentation plugin(s)
2019-03-21 11:05:29.132 logback [restartedMain] INFO  s.d.s.w.s.ApiListingReferenceScanner - Scanning for api listing references
2019-03-21 11:05:29.409 logback [restartedMain] INFO  o.a.coyote.http11.Http11NioProtocol - Starting ProtocolHandler ["http-nio-8080"]
2019-03-21 11:05:29.439 logback [restartedMain] INFO  o.s.b.w.e.tomcat.TomcatWebServer - Tomcat started on port(s): 8080 (http) with context path ''
2019-03-21 11:05:29.443 logback [restartedMain] INFO  c.s.SimpleaccountApplication - Started SimpleaccountApplication in 8.844 seconds (JVM running for 11.447)
2019-03-21 11:05:38.999 logback [http-nio-8080-exec-3] INFO  o.a.c.c.C.[Tomcat].[localhost].[/] - Initializing Spring DispatcherServlet 'dispatcherServlet'
2019-03-21 11:05:38.999 logback [http-nio-8080-exec-3] INFO  o.s.web.servlet.DispatcherServlet - Initializing Servlet 'dispatcherServlet'
2019-03-21 11:05:39.007 logback [http-nio-8080-exec-3] INFO  o.s.web.servlet.DispatcherServlet - Completed initialization in 7 ms
2019-03-21 11:05:39.062 logback [http-nio-8080-exec-3] INFO  com.zaxxer.hikari.HikariDataSource - HikariPool-1 - Starting...
2019-03-21 11:05:39.253 logback [http-nio-8080-exec-3] INFO  com.zaxxer.hikari.HikariDataSource - HikariPool-1 - Start completed.
2019-03-21 11:10:34.450 logback [restartedMain] INFO  c.s.SimpleaccountApplication - Starting SimpleaccountApplication on DESKTOP-MQF4ADB with PID 6948 (C:\Users\LS\Desktop\bs\simpleaccount-h\target\classes started by LS in C:\Users\LS\Desktop\bs\simpleaccount-h)
2019-03-21 11:10:34.456 logback [restartedMain] INFO  c.s.SimpleaccountApplication - No active profile set, falling back to default profiles: default
2019-03-21 11:10:34.643 logback [restartedMain] INFO  o.s.b.d.e.DevToolsPropertyDefaultsPostProcessor - Devtools property defaults active! Set 'spring.devtools.add-properties' to 'false' to disable
2019-03-21 11:10:34.643 logback [restartedMain] INFO  o.s.b.d.e.DevToolsPropertyDefaultsPostProcessor - For additional web related logging consider setting the 'logging.level.web' property to 'DEBUG'
2019-03-21 11:10:37.549 logback [restartedMain] INFO  o.s.c.s.PostProcessorRegistrationDelegate$BeanPostProcessorChecker - Bean 'org.springframework.transaction.annotation.ProxyTransactionManagementConfiguration' of type [org.springframework.transaction.annotation.ProxyTransactionManagementConfiguration$$EnhancerBySpringCGLIB$$e89d993c] is not eligible for getting processed by all BeanPostProcessors (for example: not eligible for auto-proxying)
2019-03-21 11:10:38.381 logback [restartedMain] INFO  o.s.b.w.e.tomcat.TomcatWebServer - Tomcat initialized with port(s): 8080 (http)
2019-03-21 11:10:38.404 logback [restartedMain] INFO  o.a.coyote.http11.Http11NioProtocol - Initializing ProtocolHandler ["http-nio-8080"]
2019-03-21 11:10:38.417 logback [restartedMain] INFO  o.a.catalina.core.StandardService - Starting service [Tomcat]
2019-03-21 11:10:38.417 logback [restartedMain] INFO  o.a.catalina.core.StandardEngine - Starting Servlet engine: [Apache Tomcat/9.0.16]
2019-03-21 11:10:38.427 logback [restartedMain] INFO  o.a.c.core.AprLifecycleListener - The APR based Apache Tomcat Native library which allows optimal performance in production environments was not found on the java.library.path: [C:\Program Files\Java\jdk1.8.0_151\bin;C:\WINDOWS\Sun\Java\bin;C:\WINDOWS\system32;C:\WINDOWS;C:\ProgramData\Oracle\Java\javapath;C:\Program Files (x86)\Common Files\NetSarang;C:\Program Files (x86)\Java\jdk1.8.0_121\bin;C:\Windows\System32;C:\WINDOWS;C:\WINDOWS\system32\wbem;C:\Program Files\Git\cmd;C:\Program Files (x86)\Java\jdk1.8.0_121\bin;C:\Program Files (x86)\Java\jdk1.8.0_121\jre\bin;C:\Program Files\MySQL\MySQL Server 5.7\bin;D:\Mysql\mysql-5.7.13-winx64\bin;C:\WINDOWS\system32;C:\WINDOWS\System32\Wbem;C:\WINDOWS\System32\WindowsPowerShell\v1.0\;C:\Program Files (x86)\OpenVPN\bin;D:\maven\apache-maven-3.5.0\\bin;;C:\WINDOWS\System32\OpenSSH\;C:\Program Files\TortoiseSVN\bin;C:\Program Files\nodejs\;C:\Program Files\dotnet\;C:\Program Files\Microsoft SQL Server\130\Tools\Binn\;C:\Program Files (x86)\NVIDIA Corporation\PhysX\Common;C:\Program Files\NVIDIA Corporation\NVIDIA NvDLISR;D:\phantomjs\bin;C:\Users\LS\AppData\Local\Programs\Python\Python36-32\Scripts;C:\Users\LS\AppData\Local\Programs\Python\Python36-32;C:\Users\LS\AppData\Local\Microsoft\WindowsApps;"D:\android-sdk-windows\tools; D:\android-sdk-windows\platform-tools;";C:\Users\LS\AppData\Roaming\npm;D:\Microsoft VS Code\bin;.]
2019-03-21 11:10:38.591 logback [restartedMain] INFO  o.a.c.c.C.[Tomcat].[localhost].[/] - Initializing Spring embedded WebApplicationContext
2019-03-21 11:10:38.592 logback [restartedMain] INFO  o.s.web.context.ContextLoader - Root WebApplicationContext: initialization completed in 3948 ms
2019-03-21 11:10:39.889 logback [restartedMain] INFO  o.s.s.c.ThreadPoolTaskExecutor - Initializing ExecutorService 'applicationTaskExecutor'
2019-03-21 11:10:39.965 logback [restartedMain] INFO  o.s.b.d.a.OptionalLiveReloadServer - LiveReload server is running on port 35729
2019-03-21 11:10:40.231 logback [restartedMain] INFO  s.d.s.w.p.DocumentationPluginsBootstrapper - Context refreshed
2019-03-21 11:10:40.257 logback [restartedMain] INFO  s.d.s.w.p.DocumentationPluginsBootstrapper - Found 1 custom documentation plugin(s)
2019-03-21 11:10:40.277 logback [restartedMain] INFO  s.d.s.w.s.ApiListingReferenceScanner - Scanning for api listing references
2019-03-21 11:10:40.616 logback [restartedMain] INFO  o.a.coyote.http11.Http11NioProtocol - Starting ProtocolHandler ["http-nio-8080"]
2019-03-21 11:10:40.659 logback [restartedMain] INFO  o.s.b.w.e.tomcat.TomcatWebServer - Tomcat started on port(s): 8080 (http) with context path ''
2019-03-21 11:10:40.665 logback [restartedMain] INFO  c.s.SimpleaccountApplication - Started SimpleaccountApplication in 7.415 seconds (JVM running for 10.001)
2019-03-21 11:10:47.147 logback [http-nio-8080-exec-1] INFO  o.a.c.c.C.[Tomcat].[localhost].[/] - Initializing Spring DispatcherServlet 'dispatcherServlet'
2019-03-21 11:10:47.148 logback [http-nio-8080-exec-1] INFO  o.s.web.servlet.DispatcherServlet - Initializing Servlet 'dispatcherServlet'
2019-03-21 11:10:47.165 logback [http-nio-8080-exec-1] INFO  o.s.web.servlet.DispatcherServlet - Completed initialization in 17 ms
2019-03-21 11:10:47.251 logback [http-nio-8080-exec-1] INFO  com.zaxxer.hikari.HikariDataSource - HikariPool-1 - Starting...
2019-03-21 11:10:47.536 logback [http-nio-8080-exec-1] INFO  com.zaxxer.hikari.HikariDataSource - HikariPool-1 - Start completed.
2019-03-21 11:12:22.256 logback [restartedMain] INFO  c.s.SimpleaccountApplication - Starting SimpleaccountApplication on DESKTOP-MQF4ADB with PID 1176 (C:\Users\LS\Desktop\bs\simpleaccount-h\target\classes started by LS in C:\Users\LS\Desktop\bs\simpleaccount-h)
2019-03-21 11:12:22.262 logback [restartedMain] INFO  c.s.SimpleaccountApplication - No active profile set, falling back to default profiles: default
2019-03-21 11:12:22.378 logback [restartedMain] INFO  o.s.b.d.e.DevToolsPropertyDefaultsPostProcessor - Devtools property defaults active! Set 'spring.devtools.add-properties' to 'false' to disable
2019-03-21 11:12:22.379 logback [restartedMain] INFO  o.s.b.d.e.DevToolsPropertyDefaultsPostProcessor - For additional web related logging consider setting the 'logging.level.web' property to 'DEBUG'
2019-03-21 11:12:25.867 logback [restartedMain] INFO  o.s.c.s.PostProcessorRegistrationDelegate$BeanPostProcessorChecker - Bean 'org.springframework.transaction.annotation.ProxyTransactionManagementConfiguration' of type [org.springframework.transaction.annotation.ProxyTransactionManagementConfiguration$$EnhancerBySpringCGLIB$$28738ab8] is not eligible for getting processed by all BeanPostProcessors (for example: not eligible for auto-proxying)
2019-03-21 11:12:26.895 logback [restartedMain] INFO  o.s.b.w.e.tomcat.TomcatWebServer - Tomcat initialized with port(s): 8080 (http)
2019-03-21 11:12:26.917 logback [restartedMain] INFO  o.a.coyote.http11.Http11NioProtocol - Initializing ProtocolHandler ["http-nio-8080"]
2019-03-21 11:12:26.931 logback [restartedMain] INFO  o.a.catalina.core.StandardService - Starting service [Tomcat]
2019-03-21 11:12:26.932 logback [restartedMain] INFO  o.a.catalina.core.StandardEngine - Starting Servlet engine: [Apache Tomcat/9.0.16]
2019-03-21 11:12:26.940 logback [restartedMain] INFO  o.a.c.core.AprLifecycleListener - The APR based Apache Tomcat Native library which allows optimal performance in production environments was not found on the java.library.path: [C:\Program Files\Java\jdk1.8.0_151\bin;C:\WINDOWS\Sun\Java\bin;C:\WINDOWS\system32;C:\WINDOWS;C:\ProgramData\Oracle\Java\javapath;C:\Program Files (x86)\Common Files\NetSarang;C:\Program Files (x86)\Java\jdk1.8.0_121\bin;C:\Windows\System32;C:\WINDOWS;C:\WINDOWS\system32\wbem;C:\Program Files\Git\cmd;C:\Program Files (x86)\Java\jdk1.8.0_121\bin;C:\Program Files (x86)\Java\jdk1.8.0_121\jre\bin;C:\Program Files\MySQL\MySQL Server 5.7\bin;D:\Mysql\mysql-5.7.13-winx64\bin;C:\WINDOWS\system32;C:\WINDOWS\System32\Wbem;C:\WINDOWS\System32\WindowsPowerShell\v1.0\;C:\Program Files (x86)\OpenVPN\bin;D:\maven\apache-maven-3.5.0\\bin;;C:\WINDOWS\System32\OpenSSH\;C:\Program Files\TortoiseSVN\bin;C:\Program Files\nodejs\;C:\Program Files\dotnet\;C:\Program Files\Microsoft SQL Server\130\Tools\Binn\;C:\Program Files (x86)\NVIDIA Corporation\PhysX\Common;C:\Program Files\NVIDIA Corporation\NVIDIA NvDLISR;D:\phantomjs\bin;C:\Users\LS\AppData\Local\Programs\Python\Python36-32\Scripts;C:\Users\LS\AppData\Local\Programs\Python\Python36-32;C:\Users\LS\AppData\Local\Microsoft\WindowsApps;"D:\android-sdk-windows\tools; D:\android-sdk-windows\platform-tools;";C:\Users\LS\AppData\Roaming\npm;D:\Microsoft VS Code\bin;.]
2019-03-21 11:12:27.124 logback [restartedMain] INFO  o.a.c.c.C.[Tomcat].[localhost].[/] - Initializing Spring embedded WebApplicationContext
2019-03-21 11:12:27.125 logback [restartedMain] INFO  o.s.web.context.ContextLoader - Root WebApplicationContext: initialization completed in 4746 ms
2019-03-21 11:12:27.267 logback [restartedMain] INFO  o.a.catalina.core.StandardService - Stopping service [Tomcat]
2019-03-21 11:12:27.306 logback [restartedMain] INFO  o.s.b.a.l.ConditionEvaluationReportLoggingListener - 

Error starting ApplicationContext. To display the conditions report re-run your application with 'debug' enabled.
2019-03-21 11:12:37.289 logback [restartedMain] INFO  c.s.SimpleaccountApplication - Starting SimpleaccountApplication on DESKTOP-MQF4ADB with PID 9280 (C:\Users\LS\Desktop\bs\simpleaccount-h\target\classes started by LS in C:\Users\LS\Desktop\bs\simpleaccount-h)
2019-03-21 11:12:37.294 logback [restartedMain] INFO  c.s.SimpleaccountApplication - No active profile set, falling back to default profiles: default
2019-03-21 11:12:37.503 logback [restartedMain] INFO  o.s.b.d.e.DevToolsPropertyDefaultsPostProcessor - Devtools property defaults active! Set 'spring.devtools.add-properties' to 'false' to disable
2019-03-21 11:12:37.503 logback [restartedMain] INFO  o.s.b.d.e.DevToolsPropertyDefaultsPostProcessor - For additional web related logging consider setting the 'logging.level.web' property to 'DEBUG'
2019-03-21 11:12:39.744 logback [restartedMain] INFO  o.s.c.s.PostProcessorRegistrationDelegate$BeanPostProcessorChecker - Bean 'org.springframework.transaction.annotation.ProxyTransactionManagementConfiguration' of type [org.springframework.transaction.annotation.ProxyTransactionManagementConfiguration$$EnhancerBySpringCGLIB$$b427573b] is not eligible for getting processed by all BeanPostProcessors (for example: not eligible for auto-proxying)
2019-03-21 11:12:40.416 logback [restartedMain] INFO  o.s.b.w.e.tomcat.TomcatWebServer - Tomcat initialized with port(s): 8080 (http)
2019-03-21 11:12:40.438 logback [restartedMain] INFO  o.a.coyote.http11.Http11NioProtocol - Initializing ProtocolHandler ["http-nio-8080"]
2019-03-21 11:12:40.455 logback [restartedMain] INFO  o.a.catalina.core.StandardService - Starting service [Tomcat]
2019-03-21 11:12:40.455 logback [restartedMain] INFO  o.a.catalina.core.StandardEngine - Starting Servlet engine: [Apache Tomcat/9.0.16]
2019-03-21 11:12:40.466 logback [restartedMain] INFO  o.a.c.core.AprLifecycleListener - The APR based Apache Tomcat Native library which allows optimal performance in production environments was not found on the java.library.path: [C:\Program Files\Java\jdk1.8.0_151\bin;C:\WINDOWS\Sun\Java\bin;C:\WINDOWS\system32;C:\WINDOWS;C:\ProgramData\Oracle\Java\javapath;C:\Program Files (x86)\Common Files\NetSarang;C:\Program Files (x86)\Java\jdk1.8.0_121\bin;C:\Windows\System32;C:\WINDOWS;C:\WINDOWS\system32\wbem;C:\Program Files\Git\cmd;C:\Program Files (x86)\Java\jdk1.8.0_121\bin;C:\Program Files (x86)\Java\jdk1.8.0_121\jre\bin;C:\Program Files\MySQL\MySQL Server 5.7\bin;D:\Mysql\mysql-5.7.13-winx64\bin;C:\WINDOWS\system32;C:\WINDOWS\System32\Wbem;C:\WINDOWS\System32\WindowsPowerShell\v1.0\;C:\Program Files (x86)\OpenVPN\bin;D:\maven\apache-maven-3.5.0\\bin;;C:\WINDOWS\System32\OpenSSH\;C:\Program Files\TortoiseSVN\bin;C:\Program Files\nodejs\;C:\Program Files\dotnet\;C:\Program Files\Microsoft SQL Server\130\Tools\Binn\;C:\Program Files (x86)\NVIDIA Corporation\PhysX\Common;C:\Program Files\NVIDIA Corporation\NVIDIA NvDLISR;D:\phantomjs\bin;C:\Users\LS\AppData\Local\Programs\Python\Python36-32\Scripts;C:\Users\LS\AppData\Local\Programs\Python\Python36-32;C:\Users\LS\AppData\Local\Microsoft\WindowsApps;"D:\android-sdk-windows\tools; D:\android-sdk-windows\platform-tools;";C:\Users\LS\AppData\Roaming\npm;D:\Microsoft VS Code\bin;.]
2019-03-21 11:12:40.670 logback [restartedMain] INFO  o.a.c.c.C.[Tomcat].[localhost].[/] - Initializing Spring embedded WebApplicationContext
2019-03-21 11:12:40.671 logback [restartedMain] INFO  o.s.web.context.ContextLoader - Root WebApplicationContext: initialization completed in 3166 ms
2019-03-21 11:12:40.782 logback [restartedMain] INFO  o.a.catalina.core.StandardService - Stopping service [Tomcat]
2019-03-21 11:12:40.823 logback [restartedMain] INFO  o.s.b.a.l.ConditionEvaluationReportLoggingListener - 

Error starting ApplicationContext. To display the conditions report re-run your application with 'debug' enabled.
2019-03-21 11:15:55.236 logback [restartedMain] INFO  c.s.SimpleaccountApplication - Starting SimpleaccountApplication on DESKTOP-MQF4ADB with PID 6184 (C:\Users\LS\Desktop\bs\simpleaccount-h\target\classes started by LS in C:\Users\LS\Desktop\bs\simpleaccount-h)
2019-03-21 11:15:55.241 logback [restartedMain] INFO  c.s.SimpleaccountApplication - No active profile set, falling back to default profiles: default
2019-03-21 11:15:55.365 logback [restartedMain] INFO  o.s.b.d.e.DevToolsPropertyDefaultsPostProcessor - Devtools property defaults active! Set 'spring.devtools.add-properties' to 'false' to disable
2019-03-21 11:15:55.365 logback [restartedMain] INFO  o.s.b.d.e.DevToolsPropertyDefaultsPostProcessor - For additional web related logging consider setting the 'logging.level.web' property to 'DEBUG'
2019-03-21 11:15:57.533 logback [restartedMain] INFO  o.s.c.s.PostProcessorRegistrationDelegate$BeanPostProcessorChecker - Bean 'org.springframework.transaction.annotation.ProxyTransactionManagementConfiguration' of type [org.springframework.transaction.annotation.ProxyTransactionManagementConfiguration$$EnhancerBySpringCGLIB$$55d8c433] is not eligible for getting processed by all BeanPostProcessors (for example: not eligible for auto-proxying)
2019-03-21 11:15:58.005 logback [restartedMain] INFO  o.s.b.w.e.tomcat.TomcatWebServer - Tomcat initialized with port(s): 8080 (http)
2019-03-21 11:15:58.022 logback [restartedMain] INFO  o.a.coyote.http11.Http11NioProtocol - Initializing ProtocolHandler ["http-nio-8080"]
2019-03-21 11:15:58.032 logback [restartedMain] INFO  o.a.catalina.core.StandardService - Starting service [Tomcat]
2019-03-21 11:15:58.032 logback [restartedMain] INFO  o.a.catalina.core.StandardEngine - Starting Servlet engine: [Apache Tomcat/9.0.16]
2019-03-21 11:15:58.039 logback [restartedMain] INFO  o.a.c.core.AprLifecycleListener - The APR based Apache Tomcat Native library which allows optimal performance in production environments was not found on the java.library.path: [C:\Program Files\Java\jdk1.8.0_151\bin;C:\WINDOWS\Sun\Java\bin;C:\WINDOWS\system32;C:\WINDOWS;C:\ProgramData\Oracle\Java\javapath;C:\Program Files (x86)\Common Files\NetSarang;C:\Program Files (x86)\Java\jdk1.8.0_121\bin;C:\Windows\System32;C:\WINDOWS;C:\WINDOWS\system32\wbem;C:\Program Files\Git\cmd;C:\Program Files (x86)\Java\jdk1.8.0_121\bin;C:\Program Files (x86)\Java\jdk1.8.0_121\jre\bin;C:\Program Files\MySQL\MySQL Server 5.7\bin;D:\Mysql\mysql-5.7.13-winx64\bin;C:\WINDOWS\system32;C:\WINDOWS\System32\Wbem;C:\WINDOWS\System32\WindowsPowerShell\v1.0\;C:\Program Files (x86)\OpenVPN\bin;D:\maven\apache-maven-3.5.0\\bin;;C:\WINDOWS\System32\OpenSSH\;C:\Program Files\TortoiseSVN\bin;C:\Program Files\nodejs\;C:\Program Files\dotnet\;C:\Program Files\Microsoft SQL Server\130\Tools\Binn\;C:\Program Files (x86)\NVIDIA Corporation\PhysX\Common;C:\Program Files\NVIDIA Corporation\NVIDIA NvDLISR;D:\phantomjs\bin;C:\Users\LS\AppData\Local\Programs\Python\Python36-32\Scripts;C:\Users\LS\AppData\Local\Programs\Python\Python36-32;C:\Users\LS\AppData\Local\Microsoft\WindowsApps;"D:\android-sdk-windows\tools; D:\android-sdk-windows\platform-tools;";C:\Users\LS\AppData\Roaming\npm;D:\Microsoft VS Code\bin;.]
2019-03-21 11:15:58.167 logback [restartedMain] INFO  o.a.c.c.C.[Tomcat].[localhost].[/] - Initializing Spring embedded WebApplicationContext
2019-03-21 11:15:58.167 logback [restartedMain] INFO  o.s.web.context.ContextLoader - Root WebApplicationContext: initialization completed in 2802 ms
2019-03-21 11:15:58.292 logback [restartedMain] INFO  o.a.catalina.core.StandardService - Stopping service [Tomcat]
2019-03-21 11:15:58.321 logback [restartedMain] INFO  o.s.b.a.l.ConditionEvaluationReportLoggingListener - 

Error starting ApplicationContext. To display the conditions report re-run your application with 'debug' enabled.
2019-03-21 11:17:20.110 logback [restartedMain] INFO  c.s.SimpleaccountApplication - Starting SimpleaccountApplication on DESKTOP-MQF4ADB with PID 11084 (C:\Users\LS\Desktop\bs\simpleaccount-h\target\classes started by LS in C:\Users\LS\Desktop\bs\simpleaccount-h)
2019-03-21 11:17:20.113 logback [restartedMain] INFO  c.s.SimpleaccountApplication - No active profile set, falling back to default profiles: default
2019-03-21 11:17:20.171 logback [restartedMain] INFO  o.s.b.d.e.DevToolsPropertyDefaultsPostProcessor - Devtools property defaults active! Set 'spring.devtools.add-properties' to 'false' to disable
2019-03-21 11:17:20.171 logback [restartedMain] INFO  o.s.b.d.e.DevToolsPropertyDefaultsPostProcessor - For additional web related logging consider setting the 'logging.level.web' property to 'DEBUG'
2019-03-21 11:17:21.629 logback [restartedMain] INFO  o.s.c.s.PostProcessorRegistrationDelegate$BeanPostProcessorChecker - Bean 'org.springframework.transaction.annotation.ProxyTransactionManagementConfiguration' of type [org.springframework.transaction.annotation.ProxyTransactionManagementConfiguration$$EnhancerBySpringCGLIB$$f04c24da] is not eligible for getting processed by all BeanPostProcessors (for example: not eligible for auto-proxying)
2019-03-21 11:17:22.035 logback [restartedMain] INFO  o.s.b.w.e.tomcat.TomcatWebServer - Tomcat initialized with port(s): 8080 (http)
2019-03-21 11:17:22.051 logback [restartedMain] INFO  o.a.coyote.http11.Http11NioProtocol - Initializing ProtocolHandler ["http-nio-8080"]
2019-03-21 11:17:22.060 logback [restartedMain] INFO  o.a.catalina.core.StandardService - Starting service [Tomcat]
2019-03-21 11:17:22.060 logback [restartedMain] INFO  o.a.catalina.core.StandardEngine - Starting Servlet engine: [Apache Tomcat/9.0.16]
2019-03-21 11:17:22.067 logback [restartedMain] INFO  o.a.c.core.AprLifecycleListener - The APR based Apache Tomcat Native library which allows optimal performance in production environments was not found on the java.library.path: [C:\Program Files\Java\jdk1.8.0_151\bin;C:\WINDOWS\Sun\Java\bin;C:\WINDOWS\system32;C:\WINDOWS;C:\ProgramData\Oracle\Java\javapath;C:\Program Files (x86)\Common Files\NetSarang;C:\Program Files (x86)\Java\jdk1.8.0_121\bin;C:\Windows\System32;C:\WINDOWS;C:\WINDOWS\system32\wbem;C:\Program Files\Git\cmd;C:\Program Files (x86)\Java\jdk1.8.0_121\bin;C:\Program Files (x86)\Java\jdk1.8.0_121\jre\bin;C:\Program Files\MySQL\MySQL Server 5.7\bin;D:\Mysql\mysql-5.7.13-winx64\bin;C:\WINDOWS\system32;C:\WINDOWS\System32\Wbem;C:\WINDOWS\System32\WindowsPowerShell\v1.0\;C:\Program Files (x86)\OpenVPN\bin;D:\maven\apache-maven-3.5.0\\bin;;C:\WINDOWS\System32\OpenSSH\;C:\Program Files\TortoiseSVN\bin;C:\Program Files\nodejs\;C:\Program Files\dotnet\;C:\Program Files\Microsoft SQL Server\130\Tools\Binn\;C:\Program Files (x86)\NVIDIA Corporation\PhysX\Common;C:\Program Files\NVIDIA Corporation\NVIDIA NvDLISR;D:\phantomjs\bin;C:\Users\LS\AppData\Local\Programs\Python\Python36-32\Scripts;C:\Users\LS\AppData\Local\Programs\Python\Python36-32;C:\Users\LS\AppData\Local\Microsoft\WindowsApps;"D:\android-sdk-windows\tools; D:\android-sdk-windows\platform-tools;";C:\Users\LS\AppData\Roaming\npm;D:\Microsoft VS Code\bin;.]
2019-03-21 11:17:22.183 logback [restartedMain] INFO  o.a.c.c.C.[Tomcat].[localhost].[/] - Initializing Spring embedded WebApplicationContext
2019-03-21 11:17:22.183 logback [restartedMain] INFO  o.s.web.context.ContextLoader - Root WebApplicationContext: initialization completed in 2012 ms
2019-03-21 11:17:23.052 logback [restartedMain] INFO  o.s.s.c.ThreadPoolTaskExecutor - Initializing ExecutorService 'applicationTaskExecutor'
2019-03-21 11:17:23.102 logback [restartedMain] INFO  o.s.b.d.a.OptionalLiveReloadServer - LiveReload server is running on port 35729
2019-03-21 11:17:23.282 logback [restartedMain] INFO  s.d.s.w.p.DocumentationPluginsBootstrapper - Context refreshed
2019-03-21 11:17:23.301 logback [restartedMain] INFO  s.d.s.w.p.DocumentationPluginsBootstrapper - Found 1 custom documentation plugin(s)
2019-03-21 11:17:23.316 logback [restartedMain] INFO  s.d.s.w.s.ApiListingReferenceScanner - Scanning for api listing references
2019-03-21 11:17:23.526 logback [restartedMain] INFO  o.a.coyote.http11.Http11NioProtocol - Starting ProtocolHandler ["http-nio-8080"]
2019-03-21 11:17:23.550 logback [restartedMain] INFO  o.s.b.w.e.tomcat.TomcatWebServer - Tomcat started on port(s): 8080 (http) with context path ''
2019-03-21 11:17:23.554 logback [restartedMain] INFO  c.s.SimpleaccountApplication - Started SimpleaccountApplication in 4.445 seconds (JVM running for 6.078)
2019-03-21 11:17:29.631 logback [http-nio-8080-exec-1] INFO  o.a.c.c.C.[Tomcat].[localhost].[/] - Initializing Spring DispatcherServlet 'dispatcherServlet'
2019-03-21 11:17:29.631 logback [http-nio-8080-exec-1] INFO  o.s.web.servlet.DispatcherServlet - Initializing Servlet 'dispatcherServlet'
2019-03-21 11:17:29.639 logback [http-nio-8080-exec-1] INFO  o.s.web.servlet.DispatcherServlet - Completed initialization in 8 ms
2019-03-21 11:17:29.686 logback [http-nio-8080-exec-1] INFO  com.zaxxer.hikari.HikariDataSource - HikariPool-1 - Starting...
2019-03-21 11:17:29.825 logback [http-nio-8080-exec-1] INFO  com.zaxxer.hikari.HikariDataSource - HikariPool-1 - Start completed.
