2019-03-11 09:54:03.750 logback [restartedMain] INFO  c.s.SimpleaccountApplication - Starting SimpleaccountApplication on DESKTOP-MQF4ADB with PID 10896 (C:\Users\LS\Desktop\bs\simpleaccount-h\target\classes started by LS in C:\Users\LS\Desktop\bs\simpleaccount-h)
2019-03-11 09:54:03.759 logback [restartedMain] INFO  c.s.SimpleaccountApplication - No active profile set, falling back to default profiles: default
2019-03-11 09:54:03.858 logback [restartedMain] INFO  o.s.b.d.e.DevToolsPropertyDefaultsPostProcessor - Devtools property defaults active! Set 'spring.devtools.add-properties' to 'false' to disable
2019-03-11 09:54:03.858 logback [restartedMain] INFO  o.s.b.d.e.DevToolsPropertyDefaultsPostProcessor - For additional web related logging consider setting the 'logging.level.web' property to 'DEBUG'
2019-03-11 09:54:06.082 logback [restartedMain] INFO  o.s.c.s.PostProcessorRegistrationDelegate$BeanPostProcessorChecker - Bean 'org.springframework.transaction.annotation.ProxyTransactionManagementConfiguration' of type [org.springframework.transaction.annotation.ProxyTransactionManagementConfiguration$$EnhancerBySpringCGLIB$$2d71467e] is not eligible for getting processed by all BeanPostProcessors (for example: not eligible for auto-proxying)
2019-03-11 09:54:06.626 logback [restartedMain] INFO  o.s.b.w.e.tomcat.TomcatWebServer - Tomcat initialized with port(s): 8080 (http)
2019-03-11 09:54:06.645 logback [restartedMain] INFO  o.a.coyote.http11.Http11NioProtocol - Initializing ProtocolHandler ["http-nio-8080"]
2019-03-11 09:54:06.654 logback [restartedMain] INFO  o.a.catalina.core.StandardService - Starting service [Tomcat]
2019-03-11 09:54:06.654 logback [restartedMain] INFO  o.a.catalina.core.StandardEngine - Starting Servlet engine: [Apache Tomcat/9.0.16]
2019-03-11 09:54:06.661 logback [restartedMain] INFO  o.a.c.core.AprLifecycleListener - The APR based Apache Tomcat Native library which allows optimal performance in production environments was not found on the java.library.path: [C:\Program Files\Java\jdk1.8.0_151\bin;C:\WINDOWS\Sun\Java\bin;C:\WINDOWS\system32;C:\WINDOWS;C:\ProgramData\Oracle\Java\javapath;C:\Program Files (x86)\Common Files\NetSarang;C:\Program Files (x86)\Java\jdk1.8.0_121\bin;C:\Windows\System32;C:\WINDOWS;C:\WINDOWS\system32\wbem;C:\Program Files\Git\cmd;C:\Program Files (x86)\Java\jdk1.8.0_121\bin;C:\Program Files (x86)\Java\jdk1.8.0_121\jre\bin;C:\Program Files\MySQL\MySQL Server 5.7\bin;D:\Mysql\mysql-5.7.13-winx64\bin;C:\WINDOWS\system32;C:\WINDOWS\System32\Wbem;C:\WINDOWS\System32\WindowsPowerShell\v1.0\;C:\Program Files (x86)\OpenVPN\bin;D:\maven\apache-maven-3.5.0\\bin;;C:\WINDOWS\System32\OpenSSH\;C:\Program Files\TortoiseSVN\bin;C:\Program Files\nodejs\;C:\Program Files\dotnet\;C:\Program Files\Microsoft SQL Server\130\Tools\Binn\;C:\Program Files (x86)\NVIDIA Corporation\PhysX\Common;C:\Program Files\NVIDIA Corporation\NVIDIA NvDLISR;D:\phantomjs\bin;C:\Users\LS\AppData\Local\Programs\Python\Python36-32\Scripts;C:\Users\LS\AppData\Local\Programs\Python\Python36-32;C:\Users\LS\AppData\Local\Microsoft\WindowsApps;"D:\android-sdk-windows\tools; D:\android-sdk-windows\platform-tools;";C:\Users\LS\AppData\Roaming\npm;D:\Microsoft VS Code\bin;.]
2019-03-11 09:54:06.812 logback [restartedMain] INFO  o.a.c.c.C.[Tomcat].[localhost].[/] - Initializing Spring embedded WebApplicationContext
2019-03-11 09:54:06.812 logback [restartedMain] INFO  o.s.web.context.ContextLoader - Root WebApplicationContext: initialization completed in 2953 ms
2019-03-11 09:54:07.730 logback [restartedMain] INFO  o.s.s.c.ThreadPoolTaskExecutor - Initializing ExecutorService 'applicationTaskExecutor'
2019-03-11 09:54:07.792 logback [restartedMain] INFO  o.s.b.d.a.OptionalLiveReloadServer - LiveReload server is running on port 35729
2019-03-11 09:54:08.017 logback [restartedMain] INFO  s.d.s.w.p.DocumentationPluginsBootstrapper - Context refreshed
2019-03-11 09:54:08.037 logback [restartedMain] INFO  s.d.s.w.p.DocumentationPluginsBootstrapper - Found 1 custom documentation plugin(s)
2019-03-11 09:54:08.053 logback [restartedMain] INFO  s.d.s.w.s.ApiListingReferenceScanner - Scanning for api listing references
2019-03-11 09:54:08.217 logback [restartedMain] INFO  o.a.coyote.http11.Http11NioProtocol - Starting ProtocolHandler ["http-nio-8080"]
2019-03-11 09:54:08.247 logback [restartedMain] INFO  o.s.b.w.e.tomcat.TomcatWebServer - Tomcat started on port(s): 8080 (http) with context path ''
2019-03-11 09:54:08.251 logback [restartedMain] INFO  c.s.SimpleaccountApplication - Started SimpleaccountApplication in 5.615 seconds (JVM running for 7.756)
2019-03-11 09:55:10.442 logback [http-nio-8080-exec-1] INFO  o.a.tomcat.util.http.parser.Cookie - A cookie header was received [1534643374] that contained an invalid cookie. That cookie will be ignored.
 Note: further occurrences of this error will be logged at DEBUG level.
2019-03-11 09:55:10.459 logback [http-nio-8080-exec-1] INFO  o.a.c.c.C.[Tomcat].[localhost].[/] - Initializing Spring DispatcherServlet 'dispatcherServlet'
2019-03-11 09:55:10.459 logback [http-nio-8080-exec-1] INFO  o.s.web.servlet.DispatcherServlet - Initializing Servlet 'dispatcherServlet'
2019-03-11 09:55:10.469 logback [http-nio-8080-exec-1] INFO  o.s.web.servlet.DispatcherServlet - Completed initialization in 9 ms
2019-03-11 09:59:01.198 logback [restartedMain] INFO  c.s.SimpleaccountApplication - Starting SimpleaccountApplication on DESKTOP-MQF4ADB with PID 3684 (C:\Users\LS\Desktop\bs\simpleaccount-h\target\classes started by LS in C:\Users\LS\Desktop\bs\simpleaccount-h)
2019-03-11 09:59:01.202 logback [restartedMain] INFO  c.s.SimpleaccountApplication - No active profile set, falling back to default profiles: default
2019-03-11 09:59:01.287 logback [restartedMain] INFO  o.s.b.d.e.DevToolsPropertyDefaultsPostProcessor - Devtools property defaults active! Set 'spring.devtools.add-properties' to 'false' to disable
2019-03-11 09:59:01.287 logback [restartedMain] INFO  o.s.b.d.e.DevToolsPropertyDefaultsPostProcessor - For additional web related logging consider setting the 'logging.level.web' property to 'DEBUG'
2019-03-11 09:59:03.380 logback [restartedMain] INFO  o.s.c.s.PostProcessorRegistrationDelegate$BeanPostProcessorChecker - Bean 'org.springframework.transaction.annotation.ProxyTransactionManagementConfiguration' of type [org.springframework.transaction.annotation.ProxyTransactionManagementConfiguration$$EnhancerBySpringCGLIB$$1d2b1641] is not eligible for getting processed by all BeanPostProcessors (for example: not eligible for auto-proxying)
2019-03-11 09:59:03.837 logback [restartedMain] INFO  o.s.b.w.e.tomcat.TomcatWebServer - Tomcat initialized with port(s): 8080 (http)
2019-03-11 09:59:03.855 logback [restartedMain] INFO  o.a.coyote.http11.Http11NioProtocol - Initializing ProtocolHandler ["http-nio-8080"]
2019-03-11 09:59:03.865 logback [restartedMain] INFO  o.a.catalina.core.StandardService - Starting service [Tomcat]
2019-03-11 09:59:03.865 logback [restartedMain] INFO  o.a.catalina.core.StandardEngine - Starting Servlet engine: [Apache Tomcat/9.0.16]
2019-03-11 09:59:03.873 logback [restartedMain] INFO  o.a.c.core.AprLifecycleListener - The APR based Apache Tomcat Native library which allows optimal performance in production environments was not found on the java.library.path: [C:\Program Files\Java\jdk1.8.0_151\bin;C:\WINDOWS\Sun\Java\bin;C:\WINDOWS\system32;C:\WINDOWS;C:\ProgramData\Oracle\Java\javapath;C:\Program Files (x86)\Common Files\NetSarang;C:\Program Files (x86)\Java\jdk1.8.0_121\bin;C:\Windows\System32;C:\WINDOWS;C:\WINDOWS\system32\wbem;C:\Program Files\Git\cmd;C:\Program Files (x86)\Java\jdk1.8.0_121\bin;C:\Program Files (x86)\Java\jdk1.8.0_121\jre\bin;C:\Program Files\MySQL\MySQL Server 5.7\bin;D:\Mysql\mysql-5.7.13-winx64\bin;C:\WINDOWS\system32;C:\WINDOWS\System32\Wbem;C:\WINDOWS\System32\WindowsPowerShell\v1.0\;C:\Program Files (x86)\OpenVPN\bin;D:\maven\apache-maven-3.5.0\\bin;;C:\WINDOWS\System32\OpenSSH\;C:\Program Files\TortoiseSVN\bin;C:\Program Files\nodejs\;C:\Program Files\dotnet\;C:\Program Files\Microsoft SQL Server\130\Tools\Binn\;C:\Program Files (x86)\NVIDIA Corporation\PhysX\Common;C:\Program Files\NVIDIA Corporation\NVIDIA NvDLISR;D:\phantomjs\bin;C:\Users\LS\AppData\Local\Programs\Python\Python36-32\Scripts;C:\Users\LS\AppData\Local\Programs\Python\Python36-32;C:\Users\LS\AppData\Local\Microsoft\WindowsApps;"D:\android-sdk-windows\tools; D:\android-sdk-windows\platform-tools;";C:\Users\LS\AppData\Roaming\npm;D:\Microsoft VS Code\bin;.]
2019-03-11 09:59:04.008 logback [restartedMain] INFO  o.a.c.c.C.[Tomcat].[localhost].[/] - Initializing Spring embedded WebApplicationContext
2019-03-11 09:59:04.009 logback [restartedMain] INFO  o.s.web.context.ContextLoader - Root WebApplicationContext: initialization completed in 2722 ms
2019-03-11 09:59:04.849 logback [restartedMain] INFO  o.s.s.c.ThreadPoolTaskExecutor - Initializing ExecutorService 'applicationTaskExecutor'
2019-03-11 09:59:04.917 logback [restartedMain] INFO  o.s.b.d.a.OptionalLiveReloadServer - LiveReload server is running on port 35729
2019-03-11 09:59:05.116 logback [restartedMain] INFO  s.d.s.w.p.DocumentationPluginsBootstrapper - Context refreshed
2019-03-11 09:59:05.134 logback [restartedMain] INFO  s.d.s.w.p.DocumentationPluginsBootstrapper - Found 1 custom documentation plugin(s)
2019-03-11 09:59:05.148 logback [restartedMain] INFO  s.d.s.w.s.ApiListingReferenceScanner - Scanning for api listing references
2019-03-11 09:59:05.309 logback [restartedMain] INFO  o.a.coyote.http11.Http11NioProtocol - Starting ProtocolHandler ["http-nio-8080"]
2019-03-11 09:59:05.337 logback [restartedMain] INFO  o.s.b.w.e.tomcat.TomcatWebServer - Tomcat started on port(s): 8080 (http) with context path ''
2019-03-11 09:59:05.340 logback [restartedMain] INFO  c.s.SimpleaccountApplication - Started SimpleaccountApplication in 4.991 seconds (JVM running for 6.899)
2019-03-11 09:59:14.834 logback [http-nio-8080-exec-2] INFO  o.a.tomcat.util.http.parser.Cookie - A cookie header was received [1534643374] that contained an invalid cookie. That cookie will be ignored.
 Note: further occurrences of this error will be logged at DEBUG level.
2019-03-11 09:59:14.841 logback [http-nio-8080-exec-2] INFO  o.a.c.c.C.[Tomcat].[localhost].[/] - Initializing Spring DispatcherServlet 'dispatcherServlet'
2019-03-11 09:59:14.841 logback [http-nio-8080-exec-2] INFO  o.s.web.servlet.DispatcherServlet - Initializing Servlet 'dispatcherServlet'
2019-03-11 09:59:14.852 logback [http-nio-8080-exec-2] INFO  o.s.web.servlet.DispatcherServlet - Completed initialization in 11 ms
2019-03-11 09:59:51.141 logback [restartedMain] INFO  c.s.SimpleaccountApplication - Starting SimpleaccountApplication on DESKTOP-MQF4ADB with PID 5696 (C:\Users\LS\Desktop\bs\simpleaccount-h\target\classes started by LS in C:\Users\LS\Desktop\bs\simpleaccount-h)
2019-03-11 09:59:51.144 logback [restartedMain] INFO  c.s.SimpleaccountApplication - No active profile set, falling back to default profiles: default
2019-03-11 09:59:51.228 logback [restartedMain] INFO  o.s.b.d.e.DevToolsPropertyDefaultsPostProcessor - Devtools property defaults active! Set 'spring.devtools.add-properties' to 'false' to disable
2019-03-11 09:59:51.229 logback [restartedMain] INFO  o.s.b.d.e.DevToolsPropertyDefaultsPostProcessor - For additional web related logging consider setting the 'logging.level.web' property to 'DEBUG'
2019-03-11 09:59:53.411 logback [restartedMain] INFO  o.s.c.s.PostProcessorRegistrationDelegate$BeanPostProcessorChecker - Bean 'org.springframework.transaction.annotation.ProxyTransactionManagementConfiguration' of type [org.springframework.transaction.annotation.ProxyTransactionManagementConfiguration$$EnhancerBySpringCGLIB$$46c15c29] is not eligible for getting processed by all BeanPostProcessors (for example: not eligible for auto-proxying)
2019-03-11 09:59:53.876 logback [restartedMain] INFO  o.s.b.w.e.tomcat.TomcatWebServer - Tomcat initialized with port(s): 8080 (http)
2019-03-11 09:59:53.891 logback [restartedMain] INFO  o.a.coyote.http11.Http11NioProtocol - Initializing ProtocolHandler ["http-nio-8080"]
2019-03-11 09:59:53.900 logback [restartedMain] INFO  o.a.catalina.core.StandardService - Starting service [Tomcat]
2019-03-11 09:59:53.900 logback [restartedMain] INFO  o.a.catalina.core.StandardEngine - Starting Servlet engine: [Apache Tomcat/9.0.16]
2019-03-11 09:59:53.907 logback [restartedMain] INFO  o.a.c.core.AprLifecycleListener - The APR based Apache Tomcat Native library which allows optimal performance in production environments was not found on the java.library.path: [C:\Program Files\Java\jdk1.8.0_151\bin;C:\WINDOWS\Sun\Java\bin;C:\WINDOWS\system32;C:\WINDOWS;C:\ProgramData\Oracle\Java\javapath;C:\Program Files (x86)\Common Files\NetSarang;C:\Program Files (x86)\Java\jdk1.8.0_121\bin;C:\Windows\System32;C:\WINDOWS;C:\WINDOWS\system32\wbem;C:\Program Files\Git\cmd;C:\Program Files (x86)\Java\jdk1.8.0_121\bin;C:\Program Files (x86)\Java\jdk1.8.0_121\jre\bin;C:\Program Files\MySQL\MySQL Server 5.7\bin;D:\Mysql\mysql-5.7.13-winx64\bin;C:\WINDOWS\system32;C:\WINDOWS\System32\Wbem;C:\WINDOWS\System32\WindowsPowerShell\v1.0\;C:\Program Files (x86)\OpenVPN\bin;D:\maven\apache-maven-3.5.0\\bin;;C:\WINDOWS\System32\OpenSSH\;C:\Program Files\TortoiseSVN\bin;C:\Program Files\nodejs\;C:\Program Files\dotnet\;C:\Program Files\Microsoft SQL Server\130\Tools\Binn\;C:\Program Files (x86)\NVIDIA Corporation\PhysX\Common;C:\Program Files\NVIDIA Corporation\NVIDIA NvDLISR;D:\phantomjs\bin;C:\Users\LS\AppData\Local\Programs\Python\Python36-32\Scripts;C:\Users\LS\AppData\Local\Programs\Python\Python36-32;C:\Users\LS\AppData\Local\Microsoft\WindowsApps;"D:\android-sdk-windows\tools; D:\android-sdk-windows\platform-tools;";C:\Users\LS\AppData\Roaming\npm;D:\Microsoft VS Code\bin;.]
2019-03-11 09:59:54.042 logback [restartedMain] INFO  o.a.c.c.C.[Tomcat].[localhost].[/] - Initializing Spring embedded WebApplicationContext
2019-03-11 09:59:54.042 logback [restartedMain] INFO  o.s.web.context.ContextLoader - Root WebApplicationContext: initialization completed in 2812 ms
2019-03-11 09:59:54.868 logback [restartedMain] INFO  o.s.s.c.ThreadPoolTaskExecutor - Initializing ExecutorService 'applicationTaskExecutor'
2019-03-11 09:59:54.917 logback [restartedMain] INFO  o.s.b.d.a.OptionalLiveReloadServer - LiveReload server is running on port 35729
2019-03-11 09:59:55.095 logback [restartedMain] INFO  s.d.s.w.p.DocumentationPluginsBootstrapper - Context refreshed
2019-03-11 09:59:55.111 logback [restartedMain] INFO  s.d.s.w.p.DocumentationPluginsBootstrapper - Found 1 custom documentation plugin(s)
2019-03-11 09:59:55.125 logback [restartedMain] INFO  s.d.s.w.s.ApiListingReferenceScanner - Scanning for api listing references
2019-03-11 09:59:55.263 logback [restartedMain] INFO  o.a.coyote.http11.Http11NioProtocol - Starting ProtocolHandler ["http-nio-8080"]
2019-03-11 09:59:55.289 logback [restartedMain] INFO  o.s.b.w.e.tomcat.TomcatWebServer - Tomcat started on port(s): 8080 (http) with context path ''
2019-03-11 09:59:55.293 logback [restartedMain] INFO  c.s.SimpleaccountApplication - Started SimpleaccountApplication in 4.873 seconds (JVM running for 6.499)
2019-03-11 10:00:02.306 logback [http-nio-8080-exec-2] INFO  o.a.tomcat.util.http.parser.Cookie - A cookie header was received [1534643374] that contained an invalid cookie. That cookie will be ignored.
 Note: further occurrences of this error will be logged at DEBUG level.
2019-03-11 10:00:02.315 logback [http-nio-8080-exec-2] INFO  o.a.c.c.C.[Tomcat].[localhost].[/] - Initializing Spring DispatcherServlet 'dispatcherServlet'
2019-03-11 10:00:02.315 logback [http-nio-8080-exec-2] INFO  o.s.web.servlet.DispatcherServlet - Initializing Servlet 'dispatcherServlet'
2019-03-11 10:00:02.326 logback [http-nio-8080-exec-2] INFO  o.s.web.servlet.DispatcherServlet - Completed initialization in 11 ms
