2019-03-24 12:14:06.722 logback [restartedMain] INFO  c.s.SimpleaccountApplication - Starting SimpleaccountApplication on DESKTOP-MQF4ADB with PID 12076 (C:\Users\LS\Desktop\bs\simpleaccount-h\target\classes started by LS in C:\Users\LS\Desktop\bs\simpleaccount-h)
2019-03-24 12:14:06.728 logback [restartedMain] INFO  c.s.SimpleaccountApplication - No active profile set, falling back to default profiles: default
2019-03-24 12:14:07.014 logback [restartedMain] INFO  o.s.b.d.e.DevToolsPropertyDefaultsPostProcessor - Devtools property defaults active! Set 'spring.devtools.add-properties' to 'false' to disable
2019-03-24 12:14:07.014 logback [restartedMain] INFO  o.s.b.d.e.DevToolsPropertyDefaultsPostProcessor - For additional web related logging consider setting the 'logging.level.web' property to 'DEBUG'
2019-03-24 12:14:08.940 logback [restartedMain] INFO  o.s.c.s.PostProcessorRegistrationDelegate$BeanPostProcessorChecker - Bean 'org.springframework.transaction.annotation.ProxyTransactionManagementConfiguration' of type [org.springframework.transaction.annotation.ProxyTransactionManagementConfiguration$$EnhancerBySpringCGLIB$$ffe2c5c8] is not eligible for getting processed by all BeanPostProcessors (for example: not eligible for auto-proxying)
2019-03-24 12:14:09.449 logback [restartedMain] INFO  o.s.b.w.e.tomcat.TomcatWebServer - Tomcat initialized with port(s): 8080 (http)
2019-03-24 12:14:09.467 logback [restartedMain] INFO  o.a.coyote.http11.Http11NioProtocol - Initializing ProtocolHandler ["http-nio-8080"]
2019-03-24 12:14:09.484 logback [restartedMain] INFO  o.a.catalina.core.StandardService - Starting service [Tomcat]
2019-03-24 12:14:09.484 logback [restartedMain] INFO  o.a.catalina.core.StandardEngine - Starting Servlet engine: [Apache Tomcat/9.0.16]
2019-03-24 12:14:09.496 logback [restartedMain] INFO  o.a.c.core.AprLifecycleListener - The APR based Apache Tomcat Native library which allows optimal performance in production environments was not found on the java.library.path: [C:\Program Files\Java\jdk1.8.0_151\bin;C:\WINDOWS\Sun\Java\bin;C:\WINDOWS\system32;C:\WINDOWS;C:\ProgramData\Oracle\Java\javapath;C:\Program Files (x86)\Common Files\NetSarang;C:\Program Files (x86)\Java\jdk1.8.0_121\bin;C:\Windows\System32;C:\WINDOWS;C:\WINDOWS\system32\wbem;C:\Program Files\Git\cmd;C:\Program Files (x86)\Java\jdk1.8.0_121\bin;C:\Program Files (x86)\Java\jdk1.8.0_121\jre\bin;C:\Program Files\MySQL\MySQL Server 5.7\bin;D:\Mysql\mysql-5.7.13-winx64\bin;C:\WINDOWS\system32;C:\WINDOWS\System32\Wbem;C:\WINDOWS\System32\WindowsPowerShell\v1.0\;C:\Program Files (x86)\OpenVPN\bin;D:\maven\apache-maven-3.5.0\\bin;;C:\WINDOWS\System32\OpenSSH\;C:\Program Files\TortoiseSVN\bin;C:\Program Files\nodejs\;C:\Program Files\dotnet\;C:\Program Files\Microsoft SQL Server\130\Tools\Binn\;C:\Program Files (x86)\NVIDIA Corporation\PhysX\Common;C:\Program Files\NVIDIA Corporation\NVIDIA NvDLISR;D:\phantomjs\bin;C:\Users\LS\AppData\Local\Programs\Python\Python36-32\Scripts;C:\Users\LS\AppData\Local\Programs\Python\Python36-32;C:\Users\LS\AppData\Local\Microsoft\WindowsApps;"D:\android-sdk-windows\tools; D:\android-sdk-windows\platform-tools;";C:\Users\LS\AppData\Roaming\npm;D:\Microsoft VS Code\bin;.]
2019-03-24 12:14:09.707 logback [restartedMain] INFO  o.a.c.c.C.[Tomcat].[localhost].[/] - Initializing Spring embedded WebApplicationContext
2019-03-24 12:14:09.707 logback [restartedMain] INFO  o.s.web.context.ContextLoader - Root WebApplicationContext: initialization completed in 2693 ms
2019-03-24 12:14:10.739 logback [restartedMain] INFO  o.s.s.c.ThreadPoolTaskExecutor - Initializing ExecutorService 'applicationTaskExecutor'
2019-03-24 12:14:10.791 logback [restartedMain] INFO  o.s.b.d.a.OptionalLiveReloadServer - LiveReload server is running on port 35729
2019-03-24 12:14:10.986 logback [restartedMain] INFO  s.d.s.w.p.DocumentationPluginsBootstrapper - Context refreshed
2019-03-24 12:14:11.006 logback [restartedMain] INFO  s.d.s.w.p.DocumentationPluginsBootstrapper - Found 1 custom documentation plugin(s)
2019-03-24 12:14:11.020 logback [restartedMain] INFO  s.d.s.w.s.ApiListingReferenceScanner - Scanning for api listing references
2019-03-24 12:14:11.323 logback [restartedMain] INFO  o.a.coyote.http11.Http11NioProtocol - Starting ProtocolHandler ["http-nio-8080"]
2019-03-24 12:14:11.371 logback [restartedMain] INFO  o.s.b.w.e.tomcat.TomcatWebServer - Tomcat started on port(s): 8080 (http) with context path ''
2019-03-24 12:14:11.379 logback [restartedMain] INFO  c.s.SimpleaccountApplication - Started SimpleaccountApplication in 5.86 seconds (JVM running for 10.041)
2019-03-24 12:14:45.249 logback [http-nio-8080-exec-1] INFO  o.a.c.c.C.[Tomcat].[localhost].[/] - Initializing Spring DispatcherServlet 'dispatcherServlet'
2019-03-24 12:14:45.250 logback [http-nio-8080-exec-1] INFO  o.s.web.servlet.DispatcherServlet - Initializing Servlet 'dispatcherServlet'
2019-03-24 12:14:45.261 logback [http-nio-8080-exec-1] INFO  o.s.web.servlet.DispatcherServlet - Completed initialization in 11 ms
2019-03-24 12:14:46.265 logback [http-nio-8080-exec-1] INFO  com.zaxxer.hikari.HikariDataSource - HikariPool-1 - Starting...
2019-03-24 12:14:55.193 logback [http-nio-8080-exec-2] INFO  com.zaxxer.hikari.HikariDataSource - HikariPool-1 - Starting...
2019-03-24 12:16:00.191 logback [restartedMain] INFO  c.s.SimpleaccountApplication - Starting SimpleaccountApplication on DESKTOP-MQF4ADB with PID 15064 (C:\Users\LS\Desktop\bs\simpleaccount-h\target\classes started by LS in C:\Users\LS\Desktop\bs\simpleaccount-h)
2019-03-24 12:16:00.198 logback [restartedMain] INFO  c.s.SimpleaccountApplication - No active profile set, falling back to default profiles: default
2019-03-24 12:16:00.350 logback [restartedMain] INFO  o.s.b.d.e.DevToolsPropertyDefaultsPostProcessor - Devtools property defaults active! Set 'spring.devtools.add-properties' to 'false' to disable
2019-03-24 12:16:00.351 logback [restartedMain] INFO  o.s.b.d.e.DevToolsPropertyDefaultsPostProcessor - For additional web related logging consider setting the 'logging.level.web' property to 'DEBUG'
2019-03-24 12:16:03.202 logback [restartedMain] INFO  o.s.c.s.PostProcessorRegistrationDelegate$BeanPostProcessorChecker - Bean 'org.springframework.transaction.annotation.ProxyTransactionManagementConfiguration' of type [org.springframework.transaction.annotation.ProxyTransactionManagementConfiguration$$EnhancerBySpringCGLIB$$21b932f5] is not eligible for getting processed by all BeanPostProcessors (for example: not eligible for auto-proxying)
2019-03-24 12:16:03.741 logback [restartedMain] INFO  o.s.b.w.e.tomcat.TomcatWebServer - Tomcat initialized with port(s): 8080 (http)
2019-03-24 12:16:03.763 logback [restartedMain] INFO  o.a.coyote.http11.Http11NioProtocol - Initializing ProtocolHandler ["http-nio-8080"]
2019-03-24 12:16:03.776 logback [restartedMain] INFO  o.a.catalina.core.StandardService - Starting service [Tomcat]
2019-03-24 12:16:03.776 logback [restartedMain] INFO  o.a.catalina.core.StandardEngine - Starting Servlet engine: [Apache Tomcat/9.0.16]
2019-03-24 12:16:03.784 logback [restartedMain] INFO  o.a.c.core.AprLifecycleListener - The APR based Apache Tomcat Native library which allows optimal performance in production environments was not found on the java.library.path: [C:\Program Files\Java\jdk1.8.0_151\bin;C:\WINDOWS\Sun\Java\bin;C:\WINDOWS\system32;C:\WINDOWS;C:\ProgramData\Oracle\Java\javapath;C:\Program Files (x86)\Common Files\NetSarang;C:\Program Files (x86)\Java\jdk1.8.0_121\bin;C:\Windows\System32;C:\WINDOWS;C:\WINDOWS\system32\wbem;C:\Program Files\Git\cmd;C:\Program Files (x86)\Java\jdk1.8.0_121\bin;C:\Program Files (x86)\Java\jdk1.8.0_121\jre\bin;C:\Program Files\MySQL\MySQL Server 5.7\bin;D:\Mysql\mysql-5.7.13-winx64\bin;C:\WINDOWS\system32;C:\WINDOWS\System32\Wbem;C:\WINDOWS\System32\WindowsPowerShell\v1.0\;C:\Program Files (x86)\OpenVPN\bin;D:\maven\apache-maven-3.5.0\\bin;;C:\WINDOWS\System32\OpenSSH\;C:\Program Files\TortoiseSVN\bin;C:\Program Files\nodejs\;C:\Program Files\dotnet\;C:\Program Files\Microsoft SQL Server\130\Tools\Binn\;C:\Program Files (x86)\NVIDIA Corporation\PhysX\Common;C:\Program Files\NVIDIA Corporation\NVIDIA NvDLISR;D:\phantomjs\bin;C:\Users\LS\AppData\Local\Programs\Python\Python36-32\Scripts;C:\Users\LS\AppData\Local\Programs\Python\Python36-32;C:\Users\LS\AppData\Local\Microsoft\WindowsApps;"D:\android-sdk-windows\tools; D:\android-sdk-windows\platform-tools;";C:\Users\LS\AppData\Roaming\npm;D:\Microsoft VS Code\bin;.]
2019-03-24 12:16:03.971 logback [restartedMain] INFO  o.a.c.c.C.[Tomcat].[localhost].[/] - Initializing Spring embedded WebApplicationContext
2019-03-24 12:16:03.971 logback [restartedMain] INFO  o.s.web.context.ContextLoader - Root WebApplicationContext: initialization completed in 3613 ms
2019-03-24 12:16:05.213 logback [restartedMain] INFO  o.s.s.c.ThreadPoolTaskExecutor - Initializing ExecutorService 'applicationTaskExecutor'
2019-03-24 12:16:05.281 logback [restartedMain] INFO  o.s.b.d.a.OptionalLiveReloadServer - LiveReload server is running on port 35729
2019-03-24 12:16:05.512 logback [restartedMain] INFO  s.d.s.w.p.DocumentationPluginsBootstrapper - Context refreshed
2019-03-24 12:16:05.540 logback [restartedMain] INFO  s.d.s.w.p.DocumentationPluginsBootstrapper - Found 1 custom documentation plugin(s)
2019-03-24 12:16:05.559 logback [restartedMain] INFO  s.d.s.w.s.ApiListingReferenceScanner - Scanning for api listing references
2019-03-24 12:16:05.863 logback [restartedMain] INFO  o.a.coyote.http11.Http11NioProtocol - Starting ProtocolHandler ["http-nio-8080"]
2019-03-24 12:16:05.899 logback [restartedMain] INFO  o.s.b.w.e.tomcat.TomcatWebServer - Tomcat started on port(s): 8080 (http) with context path ''
2019-03-24 12:16:05.903 logback [restartedMain] INFO  c.s.SimpleaccountApplication - Started SimpleaccountApplication in 6.777 seconds (JVM running for 10.476)
2019-03-24 12:16:07.631 logback [http-nio-8080-exec-1] INFO  o.a.c.c.C.[Tomcat].[localhost].[/] - Initializing Spring DispatcherServlet 'dispatcherServlet'
2019-03-24 12:16:07.631 logback [http-nio-8080-exec-1] INFO  o.s.web.servlet.DispatcherServlet - Initializing Servlet 'dispatcherServlet'
2019-03-24 12:16:07.666 logback [http-nio-8080-exec-1] INFO  o.s.web.servlet.DispatcherServlet - Completed initialization in 34 ms
2019-03-24 12:16:07.940 logback [http-nio-8080-exec-1] INFO  com.zaxxer.hikari.HikariDataSource - HikariPool-1 - Starting...
2019-03-24 12:16:14.211 logback [http-nio-8080-exec-2] INFO  com.zaxxer.hikari.HikariDataSource - HikariPool-1 - Starting...
2019-03-24 12:16:51.882 logback [http-nio-8080-exec-3] INFO  com.zaxxer.hikari.HikariDataSource - HikariPool-1 - Starting...
2019-03-24 12:17:00.696 logback [http-nio-8080-exec-4] INFO  com.zaxxer.hikari.HikariDataSource - HikariPool-1 - Starting...
2019-03-24 12:17:21.479 logback [http-nio-8080-exec-5] INFO  com.zaxxer.hikari.HikariDataSource - HikariPool-1 - Starting...
2019-03-24 12:17:21.645 logback [http-nio-8080-exec-5] INFO  com.zaxxer.hikari.HikariDataSource - HikariPool-1 - Start completed.
